<?xml version="1.0" encoding="UTF-8"?>
<testsuite name="TestParallel" tests="1" skipped="0" failures="1" errors="0" timestamp="2024-04-25T19:24:41" hostname="DESKTOP-0LRDBN7" time="10.014">
  <properties/>
  <testcase name="testAll()" classname="TestParallel" time="10.014">
    <failure message="org.opentest4j.AssertionFailedError: http call failed after 2773 milliseconds for url: http://api-rest:8070/api/v1/log&#10;classpath:karate/log.feature:17&#10;http call failed after 1 milliseconds for url: http://api-rest:8070/api/v1/log&#10;classpath:karate/log.feature:25&#10;http call failed after 1 milliseconds for url: http://api-rest:8070/api/v1/logs&#10;classpath:karate/log.feature:35&#10;http call failed after 1 milliseconds for url: http://api-rest:8070/api/v1/logs/acceptance-test&#10;classpath:karate/log.feature:43&#10;http call failed after 2677 milliseconds for url: http://logs-rest:8070/api/v1/logs/userManagementApiRest&#10;classpath:karate/user.feature:32 ==&gt; expected: &lt;0&gt; but was: &lt;5&gt;" type="org.opentest4j.AssertionFailedError">org.opentest4j.AssertionFailedError: http call failed after 2773 milliseconds for url: http://api-rest:8070/api/v1/log
classpath:karate/log.feature:17
http call failed after 1 milliseconds for url: http://api-rest:8070/api/v1/log
classpath:karate/log.feature:25
http call failed after 1 milliseconds for url: http://api-rest:8070/api/v1/logs
classpath:karate/log.feature:35
http call failed after 1 milliseconds for url: http://api-rest:8070/api/v1/logs/acceptance-test
classpath:karate/log.feature:43
http call failed after 2677 milliseconds for url: http://logs-rest:8070/api/v1/logs/userManagementApiRest
classpath:karate/user.feature:32 ==&gt; expected: &lt;0&gt; but was: &lt;5&gt;
	at app//org.junit.jupiter.api.AssertionUtils.fail(AssertionUtils.java:55)
	at app//org.junit.jupiter.api.AssertionUtils.failNotEqual(AssertionUtils.java:62)
	at app//org.junit.jupiter.api.AssertEquals.assertEquals(AssertEquals.java:182)
	at app//org.junit.jupiter.api.Assertions.assertEquals(Assertions.java:558)
	at app//TestParallel.testAll(TestParallel.java:33)
	at java.base@17.0.9/jdk.internal.reflect.NativeMethodAccessorImpl.invoke0(Native Method)
	at java.base@17.0.9/jdk.internal.reflect.NativeMethodAccessorImpl.invoke(NativeMethodAccessorImpl.java:77)
	at java.base@17.0.9/jdk.internal.reflect.DelegatingMethodAccessorImpl.invoke(DelegatingMethodAccessorImpl.java:43)
	at java.base@17.0.9/java.lang.reflect.Method.invoke(Method.java:568)
	at app//org.junit.platform.commons.util.ReflectionUtils.invokeMethod(ReflectionUtils.java:688)
	at app//org.junit.jupiter.engine.execution.MethodInvocation.proceed(MethodInvocation.java:60)
	at app//org.junit.jupiter.engine.execution.InvocationInterceptorChain$ValidatingInvocation.proceed(InvocationInterceptorChain.java:131)
	at app//org.junit.jupiter.engine.extension.TimeoutExtension.intercept(TimeoutExtension.java:149)
	at app//org.junit.jupiter.engine.extension.TimeoutExtension.interceptTestableMethod(TimeoutExtension.java:140)
	at app//org.junit.jupiter.engine.extension.TimeoutExtension.interceptTestMethod(TimeoutExtension.java:84)
	at app//org.junit.jupiter.engine.execution.ExecutableInvoker$ReflectiveInterceptorCall.lambda$ofVoidMethod$0(ExecutableInvoker.java:115)
	at app//org.junit.jupiter.engine.execution.ExecutableInvoker.lambda$invoke$0(ExecutableInvoker.java:105)
	at app//org.junit.jupiter.engine.execution.InvocationInterceptorChain$InterceptedInvocation.proceed(InvocationInterceptorChain.java:106)
	at app//org.junit.jupiter.engine.execution.InvocationInterceptorChain.proceed(InvocationInterceptorChain.java:64)
	at app//org.junit.jupiter.engine.execution.InvocationInterceptorChain.chainAndInvoke(InvocationInterceptorChain.java:45)
	at app//org.junit.jupiter.engine.execution.InvocationInterceptorChain.invoke(InvocationInterceptorChain.java:37)
	at app//org.junit.jupiter.engine.execution.ExecutableInvoker.invoke(ExecutableInvoker.java:104)
	at app//org.junit.jupiter.engine.execution.ExecutableInvoker.invoke(ExecutableInvoker.java:98)
	at app//org.junit.jupiter.engine.descriptor.TestMethodTestDescriptor.lambda$invokeTestMethod$6(TestMethodTestDescriptor.java:210)
	at app//org.junit.platform.engine.support.hierarchical.ThrowableCollector.execute(ThrowableCollector.java:73)
	at app//org.junit.jupiter.engine.descriptor.TestMethodTestDescriptor.invokeTestMethod(TestMethodTestDescriptor.java:206)
	at app//org.junit.jupiter.engine.descriptor.TestMethodTestDescriptor.execute(TestMethodTestDescriptor.java:131)
	at app//org.junit.jupiter.engine.descriptor.TestMethodTestDescriptor.execute(TestMethodTestDescriptor.java:65)
	at app//org.junit.platform.engine.support.hierarchical.NodeTestTask.lambda$executeRecursively$5(NodeTestTask.java:139)
	at app//org.junit.platform.engine.support.hierarchical.ThrowableCollector.execute(ThrowableCollector.java:73)
	at app//org.junit.platform.engine.support.hierarchical.NodeTestTask.lambda$executeRecursively$7(NodeTestTask.java:129)
	at app//org.junit.platform.engine.support.hierarchical.Node.around(Node.java:137)
	at app//org.junit.platform.engine.support.hierarchical.NodeTestTask.lambda$executeRecursively$8(NodeTestTask.java:127)
	at app//org.junit.platform.engine.support.hierarchical.ThrowableCollector.execute(ThrowableCollector.java:73)
	at app//org.junit.platform.engine.support.hierarchical.NodeTestTask.executeRecursively(NodeTestTask.java:126)
	at app//org.junit.platform.engine.support.hierarchical.NodeTestTask.execute(NodeTestTask.java:84)
	at java.base@17.0.9/java.util.ArrayList.forEach(ArrayList.java:1511)
	at app//org.junit.platform.engine.support.hierarchical.SameThreadHierarchicalTestExecutorService.invokeAll(SameThreadHierarchicalTestExecutorService.java:38)
	at app//org.junit.platform.engine.support.hierarchical.NodeTestTask.lambda$executeRecursively$5(NodeTestTask.java:143)
	at app//org.junit.platform.engine.support.hierarchical.ThrowableCollector.execute(ThrowableCollector.java:73)
	at app//org.junit.platform.engine.support.hierarchical.NodeTestTask.lambda$executeRecursively$7(NodeTestTask.java:129)
	at app//org.junit.platform.engine.support.hierarchical.Node.around(Node.java:137)
	at app//org.junit.platform.engine.support.hierarchical.NodeTestTask.lambda$executeRecursively$8(NodeTestTask.java:127)
	at app//org.junit.platform.engine.support.hierarchical.ThrowableCollector.execute(ThrowableCollector.java:73)
	at app//org.junit.platform.engine.support.hierarchical.NodeTestTask.executeRecursively(NodeTestTask.java:126)
	at app//org.junit.platform.engine.support.hierarchical.NodeTestTask.execute(NodeTestTask.java:84)
	at java.base@17.0.9/java.util.ArrayList.forEach(ArrayList.java:1511)
	at app//org.junit.platform.engine.support.hierarchical.SameThreadHierarchicalTestExecutorService.invokeAll(SameThreadHierarchicalTestExecutorService.java:38)
	at app//org.junit.platform.engine.support.hierarchical.NodeTestTask.lambda$executeRecursively$5(NodeTestTask.java:143)
	at app//org.junit.platform.engine.support.hierarchical.ThrowableCollector.execute(ThrowableCollector.java:73)
	at app//org.junit.platform.engine.support.hierarchical.NodeTestTask.lambda$executeRecursively$7(NodeTestTask.java:129)
	at app//org.junit.platform.engine.support.hierarchical.Node.around(Node.java:137)
	at app//org.junit.platform.engine.support.hierarchical.NodeTestTask.lambda$executeRecursively$8(NodeTestTask.java:127)
	at app//org.junit.platform.engine.support.hierarchical.ThrowableCollector.execute(ThrowableCollector.java:73)
	at app//org.junit.platform.engine.support.hierarchical.NodeTestTask.executeRecursively(NodeTestTask.java:126)
	at app//org.junit.platform.engine.support.hierarchical.NodeTestTask.execute(NodeTestTask.java:84)
	at app//org.junit.platform.engine.support.hierarchical.SameThreadHierarchicalTestExecutorService.submit(SameThreadHierarchicalTestExecutorService.java:32)
	at app//org.junit.platform.engine.support.hierarchical.HierarchicalTestExecutor.execute(HierarchicalTestExecutor.java:57)
	at app//org.junit.platform.engine.support.hierarchical.HierarchicalTestEngine.execute(HierarchicalTestEngine.java:51)
	at app//org.junit.platform.launcher.core.EngineExecutionOrchestrator.execute(EngineExecutionOrchestrator.java:107)
	at app//org.junit.platform.launcher.core.EngineExecutionOrchestrator.execute(EngineExecutionOrchestrator.java:88)
	at app//org.junit.platform.launcher.core.EngineExecutionOrchestrator.lambda$execute$0(EngineExecutionOrchestrator.java:54)
	at app//org.junit.platform.launcher.core.EngineExecutionOrchestrator.withInterceptedStreams(EngineExecutionOrchestrator.java:67)
	at app//org.junit.platform.launcher.core.EngineExecutionOrchestrator.execute(EngineExecutionOrchestrator.java:52)
	at app//org.junit.platform.launcher.core.DefaultLauncher.execute(DefaultLauncher.java:114)
	at app//org.junit.platform.launcher.core.DefaultLauncher.execute(DefaultLauncher.java:86)
	at app//org.junit.platform.launcher.core.DefaultLauncherSession$DelegatingLauncher.execute(DefaultLauncherSession.java:86)
	at org.gradle.api.internal.tasks.testing.junitplatform.JUnitPlatformTestClassProcessor$CollectAllTestClassesExecutor.processAllTestClasses(JUnitPlatformTestClassProcessor.java:119)
	at org.gradle.api.internal.tasks.testing.junitplatform.JUnitPlatformTestClassProcessor$CollectAllTestClassesExecutor.access$000(JUnitPlatformTestClassProcessor.java:94)
	at org.gradle.api.internal.tasks.testing.junitplatform.JUnitPlatformTestClassProcessor.stop(JUnitPlatformTestClassProcessor.java:89)
	at org.gradle.api.internal.tasks.testing.SuiteTestClassProcessor.stop(SuiteTestClassProcessor.java:62)
	at java.base@17.0.9/jdk.internal.reflect.NativeMethodAccessorImpl.invoke0(Native Method)
	at java.base@17.0.9/jdk.internal.reflect.NativeMethodAccessorImpl.invoke(NativeMethodAccessorImpl.java:77)
	at java.base@17.0.9/jdk.internal.reflect.DelegatingMethodAccessorImpl.invoke(DelegatingMethodAccessorImpl.java:43)
	at java.base@17.0.9/java.lang.reflect.Method.invoke(Method.java:568)
	at org.gradle.internal.dispatch.ReflectionDispatch.dispatch(ReflectionDispatch.java:36)
	at org.gradle.internal.dispatch.ReflectionDispatch.dispatch(ReflectionDispatch.java:24)
	at org.gradle.internal.dispatch.ContextClassLoaderDispatch.dispatch(ContextClassLoaderDispatch.java:33)
	at org.gradle.internal.dispatch.ProxyDispatchAdapter$DispatchingInvocationHandler.invoke(ProxyDispatchAdapter.java:94)
	at jdk.proxy1/jdk.proxy1.$Proxy2.stop(Unknown Source)
	at org.gradle.api.internal.tasks.testing.worker.TestWorker$3.run(TestWorker.java:193)
	at org.gradle.api.internal.tasks.testing.worker.TestWorker.executeAndMaintainThreadName(TestWorker.java:129)
	at org.gradle.api.internal.tasks.testing.worker.TestWorker.execute(TestWorker.java:100)
	at org.gradle.api.internal.tasks.testing.worker.TestWorker.execute(TestWorker.java:60)
	at org.gradle.process.internal.worker.child.ActionExecutionWorker.execute(ActionExecutionWorker.java:56)
	at org.gradle.process.internal.worker.child.SystemApplicationClassLoaderWorker.call(SystemApplicationClassLoaderWorker.java:113)
	at org.gradle.process.internal.worker.child.SystemApplicationClassLoaderWorker.call(SystemApplicationClassLoaderWorker.java:65)
	at app//worker.org.gradle.process.internal.worker.GradleWorkerMain.run(GradleWorkerMain.java:69)
	at app//worker.org.gradle.process.internal.worker.GradleWorkerMain.main(GradleWorkerMain.java:74)
</failure>
  </testcase>
  <system-out><![CDATA[14:24:42.559 [Test worker] DEBUG com.intuit.karate.Suite - [config] classpath:karate-config.js
14:24:42.565 [Test worker] INFO  com.intuit.karate.Suite - backed up existing 'build\karate-reports' dir to: build\karate-reports_1714073082563
14:24:43.727 [Test worker] DEBUG com.intuit.karate - request:
1 > POST http://api-rest:8070/api/v1/log
1 > Content-Type: application/json; charset=UTF-8
1 > Content-Length: 192
1 > Host: api-rest:8070
1 > Connection: Keep-Alive
1 > User-Agent: Apache-HttpClient/4.5.13 (Java/17.0.9)
1 > Accept-Encoding: gzip,deflate
{"application":"acceptance-test","type":"INFO","module":"feature","summary":"Log prueba","description":"Log generado desde las pruebas de aceptacion para comprobar su correcto funcionamiento"}

14:24:46.431 [Test worker] ERROR com.intuit.karate - java.net.UnknownHostException: Host desconocido (api-rest), http call failed after 2773 milliseconds for url: http://api-rest:8070/api/v1/log
14:24:46.432 [Test worker] ERROR com.intuit.karate - classpath:karate/log.feature:17
When method Post
http call failed after 2773 milliseconds for url: http://api-rest:8070/api/v1/log
classpath:karate/log.feature:17
14:24:46.453 [Test worker] DEBUG com.intuit.karate - request:
1 > POST http://api-rest:8070/api/v1/log
1 > Content-Type: application/json; charset=UTF-8
1 > Content-Length: 160
1 > Host: api-rest:8070
1 > Connection: Keep-Alive
1 > User-Agent: Apache-HttpClient/4.5.13 (Java/17.0.9)
1 > Accept-Encoding: gzip,deflate
{"type":"INFO","module":"feature","summary":"Log prueba","description":"Log generado desde las pruebas de aceptacion para comprobar su correcto funcionamiento"}

14:24:46.454 [Test worker] ERROR com.intuit.karate - java.net.UnknownHostException: api-rest, http call failed after 1 milliseconds for url: http://api-rest:8070/api/v1/log
14:24:46.454 [Test worker] ERROR com.intuit.karate - classpath:karate/log.feature:25
When method Post
http call failed after 1 milliseconds for url: http://api-rest:8070/api/v1/log
classpath:karate/log.feature:25
14:24:46.469 [Test worker] DEBUG com.intuit.karate - request:
1 > GET http://api-rest:8070/api/v1/logs
1 > Host: api-rest:8070
1 > Connection: Keep-Alive
1 > User-Agent: Apache-HttpClient/4.5.13 (Java/17.0.9)
1 > Accept-Encoding: gzip,deflate


14:24:46.470 [Test worker] ERROR com.intuit.karate - java.net.UnknownHostException: api-rest, http call failed after 1 milliseconds for url: http://api-rest:8070/api/v1/logs
14:24:46.470 [Test worker] ERROR com.intuit.karate - classpath:karate/log.feature:35
When method Get
http call failed after 1 milliseconds for url: http://api-rest:8070/api/v1/logs
classpath:karate/log.feature:35
14:24:46.490 [Test worker] DEBUG com.intuit.karate - request:
1 > GET http://api-rest:8070/api/v1/logs/acceptance-test
1 > Host: api-rest:8070
1 > Connection: Keep-Alive
1 > User-Agent: Apache-HttpClient/4.5.13 (Java/17.0.9)
1 > Accept-Encoding: gzip,deflate


14:24:46.491 [Test worker] ERROR com.intuit.karate - java.net.UnknownHostException: api-rest, http call failed after 1 milliseconds for url: http://api-rest:8070/api/v1/logs/acceptance-test
14:24:46.491 [Test worker] ERROR com.intuit.karate - classpath:karate/log.feature:43
When method Get
http call failed after 1 milliseconds for url: http://api-rest:8070/api/v1/logs/acceptance-test
classpath:karate/log.feature:43
---------------------------------------------------------
feature: classpath:karate/log.feature
scenarios:  4 | passed:  0 | failed:  4 | time: 2,9095
---------------------------------------------------------

14:24:47.159 [Test worker] INFO  com.intuit.karate.Suite - <<fail>> feature 1 of 2 (0 remaining) classpath:karate/log.feature
14:24:47.180 [Test worker] DEBUG com.intuit.karate - request:
1 > POST http://localhost:8090/api/v1/users/login
1 > Content-Type: application/json; charset=UTF-8
1 > Content-Length: 55
1 > Host: localhost:8090
1 > Connection: Keep-Alive
1 > User-Agent: Apache-HttpClient/4.5.13 (Java/17.0.9)
1 > Accept-Encoding: gzip,deflate
{"login":{"username":"prueba1","password":"123456789"}}

14:24:47.202 [Test worker] DEBUG com.intuit.karate - response time in milliseconds: 20
1 < 200
1 < Content-Type: application/json
1 < Content-Length: 191
{"token":"eyJhbGciOiJIUzI1NiJ9.eyJzdWIiOiJwcnVlYmExIiwiaXNzIjoiaW5nZXNpcy51bmlxdWluZGlvLmVkdS5jbyIsImlhdCI6MTcxNDA3MzA4NywiZXhwIjoxNzE0MDczMDkwfQ.KZVlR1RZZWcySNDPIil0O5UX3FCDGsrSeA-VPINtqAo"}

14:24:47.223 [Test worker] DEBUG com.intuit.karate - request:
1 > POST http://localhost:8090/api/v1/users/login
1 > Content-Type: application/json; charset=UTF-8
1 > Content-Length: 55
1 > Host: localhost:8090
1 > Connection: Keep-Alive
1 > User-Agent: Apache-HttpClient/4.5.13 (Java/17.0.9)
1 > Accept-Encoding: gzip,deflate
{"login":{"username":"prueba1","password":"123456789"}}

14:24:47.233 [Test worker] DEBUG com.intuit.karate - response time in milliseconds: 10
1 < 200
1 < Content-Type: application/json
1 < Content-Length: 191
{"token":"eyJhbGciOiJIUzI1NiJ9.eyJzdWIiOiJwcnVlYmExIiwiaXNzIjoiaW5nZXNpcy51bmlxdWluZGlvLmVkdS5jbyIsImlhdCI6MTcxNDA3MzA4NywiZXhwIjoxNzE0MDczMDkwfQ.KZVlR1RZZWcySNDPIil0O5UX3FCDGsrSeA-VPINtqAo"}

14:24:47.265 [Test worker] DEBUG com.intuit.karate - request:
2 > GET http://logs-rest:8070/api/v1/logs/userManagementApiRest
2 > min-date: 2024-04-25T07:24:47.2633759
2 > Host: logs-rest:8070
2 > Connection: Keep-Alive
2 > User-Agent: Apache-HttpClient/4.5.13 (Java/17.0.9)
2 > Accept-Encoding: gzip,deflate


14:24:49.942 [Test worker] ERROR com.intuit.karate - java.net.UnknownHostException: Host desconocido (logs-rest), http call failed after 2677 milliseconds for url: http://logs-rest:8070/api/v1/logs/userManagementApiRest
14:24:49.943 [Test worker] ERROR com.intuit.karate - classpath:karate/user.feature:32
When method Get
http call failed after 2677 milliseconds for url: http://logs-rest:8070/api/v1/logs/userManagementApiRest
classpath:karate/user.feature:32
14:24:49.953 [Test worker] DEBUG com.intuit.karate - request:
1 > POST http://localhost:8090/api/v1/users/login
1 > Content-Type: application/json; charset=UTF-8
1 > Content-Length: 58
1 > Host: localhost:8090
1 > Connection: Keep-Alive
1 > User-Agent: Apache-HttpClient/4.5.13 (Java/17.0.9)
1 > Accept-Encoding: gzip,deflate
{"login":{"username":"prueba1222","password":"123456789"}}

14:24:49.961 [Test worker] DEBUG com.intuit.karate - response time in milliseconds: 8
1 < 404
1 < Content-Type: application/json
1 < Content-Length: 87
{"errors":[{"httpStatus":404,"domain":"POST:/users/login","message":"Not found user"}]}

14:24:49.974 [Test worker] DEBUG com.intuit.karate - request:
1 > POST http://localhost:8090/api/v1/users/login
1 > Content-Type: application/json; charset=UTF-8
1 > Content-Length: 59
1 > Host: localhost:8090
1 > Connection: Keep-Alive
1 > User-Agent: Apache-HttpClient/4.5.13 (Java/17.0.9)
1 > Accept-Encoding: gzip,deflate
{"login":{"username":"prueba1","password":"1234567891111"}}

14:24:49.983 [Test worker] DEBUG com.intuit.karate - response time in milliseconds: 8
1 < 401
1 < Content-Type: application/json
1 < Content-Length: 105
{"errors":[{"httpStatus":401,"domain":"POST:/users/login","message":"Unauthorized: Incorrect password"}]}

14:24:49.994 [Test worker] DEBUG com.intuit.karate - request:
1 > GET http://localhost:8090/api/v1/users
1 > Host: localhost:8090
1 > Connection: Keep-Alive
1 > User-Agent: Apache-HttpClient/4.5.13 (Java/17.0.9)
1 > Accept-Encoding: gzip,deflate


14:24:50.004 [Test worker] DEBUG com.intuit.karate - response time in milliseconds: 10
1 < 200
1 < Content-Type: application/json
1 < Content-Length: 4865
{"users":[{"id":"65f3947bb3c3d10286754f5a","username":"prueba7","password":"123456","email":"prueba7@prueba.com"},{"id":"660b711e8306ec2895e3b3c4","username":"prueba1","password":"123456789","email":"prueba1@prueba.com"},{"id":"660b71278306ec2895e3b3c5","username":"prueba2","password":"123456","email":"prueba2@prueba.com"},{"id":"660b712e8306ec2895e3b3c6","username":"prueba3","password":"123456","email":"prueba3@prueba.com"},{"id":"660b71348306ec2895e3b3c7","username":"prueba4","password":"123456","email":"prueba4@prueba.com"},{"id":"660b713d8306ec2895e3b3c8","username":"prueba5","password":"123456","email":"prueba5@prueba.com"},{"id":"660ee1696657865341baf8f5","username":"saul.keeblery3","password":"hvsdxbcjlx","email":"saul.keebler@gmail.com"},{"id":"660ee5886657865341baf8f8","username":"jeffie.powlowskizw","password":"4k0evv1xe1","email":"jeffie.powlowski@gmail.com"},{"id":"660ee5f06657865341baf8fa","username":"hyo.bartolettipl","password":"9edaqyzxxo","email":"hyo.bartoletti@gmail.com"},{"id":"660ee6406657865341baf8fc","username":"dario.morarfl","password":"g11j7mewg5","email":"dario.morar@gmail.com"},{"id":"660ee6ee6657865341baf8ff","username":"thaddeus.gleasonnd","password":"8oduhinkdr","email":"thaddeus.gleason@gmail.com"},{"id":"660f625eb26ae66d0e73d5dc","username":"fidela.hessel5q","password":"g383t70bmk","email":"fidela.hessel@gmail.com"},{"id":"660f62c0b26ae66d0e73d5de","username":"deetta.weissnattb","password":"5lo6thk5fj","email":"deetta.weissnat@gmail.com"},{"id":"6627382511d9a22bfb9f1a06","username":"mose.johnszz","password":"hwvxlm6s79","email":"mose.johns@gmail.com"},{"id":"6627383111d9a22bfb9f1a08","username":"art.fritschw7","password":"qhxlasqw4i","email":"art.fritsch@gmail.com"},{"id":"662a9fc5bbdb361bc6f6be5c","username":"bula.parkers4","password":"1t750nkt1f","email":"bula.parker@gmail.com"},{"id":"662aa079bbdb361bc6f6be5e","username":"zona.kuhicgi","password":"qdp9yxgbuz","email":"zona.kuhic@gmail.com"},{"id":"662aa092bbdb361bc6f6be60","username":"eleonora.kris66","password":"4mclfwr361","email":"eleonora.kris@gmail.com"},{"id":"662aa15cbbdb361bc6f6be62","username":"elmo.langyt","password":"izfdz6sudy","email":"elmo.lang@gmail.com"},{"id":"662aa213bbdb361bc6f6be64","username":"hilton.reingerzd","password":"8si2at7for","email":"hilton.reinger@gmail.com"},{"id":"662aa251bbdb361bc6f6be66","username":"michel.croninsw","password":"fj1edb5v10","email":"michel.cronin@gmail.com"},{"id":"662aa313bbdb361bc6f6be68","username":"aja.mcdermott3m","password":"n36ifelg0i","email":"aja.mcdermott@gmail.com"},{"id":"662aa3c6bbdb361bc6f6be6a","username":"mauro.jacobigf","password":"leqngudkps","email":"mauro.jacobi@gmail.com"},{"id":"662aa61dbbdb361bc6f6be6c","username":"teddy.schmittnl","password":"ooet4yyi3w","email":"teddy.schmitt@gmail.com"},{"id":"662aa684bbdb361bc6f6be6e","username":"anton.tillman7l","password":"7r5if8ew18","email":"anton.tillman@gmail.com"},{"id":"662aa6ddbbdb361bc6f6be70","username":"alphonso.greenholtre","password":"23x73e1l16","email":"alphonso.greenholt@gmail.com"},{"id":"662aa71bbbdb361bc6f6be72","username":"roger.streich0k","password":"jw4u0zkck8","email":"roger.streich@gmail.com"},{"id":"662aa79dbbdb361bc6f6be74","username":"gonzalo.gloverqg","password":"sydd8ql63q","email":"gonzalo.glover@gmail.com"},{"id":"662aa7e4bbdb361bc6f6be76","username":"ervin.rueckersm","password":"xmjo55uqzc","email":"ervin.ruecker@gmail.com"},{"id":"662aa832bbdb361bc6f6be78","username":"parker.prosacco1n","password":"xlml74zbsr","email":"parker.prosacco@gmail.com"},{"id":"662aa8a9bbdb361bc6f6be7a","username":"nickolas.schimmelk3","password":"hlaf3gj0h5","email":"nickolas.schimmel@gmail.com"},{"id":"662aa8b7bbdb361bc6f6be7c","username":"frank.muraziklu","password":"l3v0fjx5tp","email":"frank.murazik@gmail.com"},{"id":"662aa8edbbdb361bc6f6be7e","username":"felton.casperk1","password":"o9vimyajer","email":"felton.casper@gmail.com"},{"id":"662aa929bbdb361bc6f6be80","username":"nada.macgyver98","password":"m5d59s2hnf","email":"nada.macgyver@gmail.com"},{"id":"662aaa72bbdb361bc6f6be82","username":"ilda.johnsz4","password":"ld9r0ht6n7","email":"ilda.johns@gmail.com"},{"id":"662aaa99bbdb361bc6f6be84","username":"jann.runtet1","password":"ae14ru3ckl","email":"jann.runte@gmail.com"},{"id":"662aaab0bbdb361bc6f6be86","username":"dion.oreillybp","password":"6p7i9fq1dd","email":"dion.oreilly@gmail.com"},{"id":"662aaac5bbdb361bc6f6be88","username":"wally.zboncakba","password":"usdajafvoj","email":"wally.zboncak@gmail.com"},{"id":"662aaaedbbdb361bc6f6be8a","username":"quinn.howem4","password":"lyreprspzf","email":"quinn.howe@gmail.com"},{"id":"662aad86bbdb361bc6f6be8c","username":"zonia.powlowskim9","password":"kyvu76vqd6","email":"zonia.powlowski@gmail.com"},{"id":"662aadc1bbdb361bc6f6be8e","username":"dong.schmelerwr","password":"p395xa05y6","email":"dong.schmeler@gmail.com"}]}

14:24:50.023 [Test worker] DEBUG com.intuit.karate - request:
1 > POST http://localhost:8090/api/v1/users/login
1 > Content-Type: application/json; charset=UTF-8
1 > Content-Length: 55
1 > Host: localhost:8090
1 > Connection: Keep-Alive
1 > User-Agent: Apache-HttpClient/4.5.13 (Java/17.0.9)
1 > Accept-Encoding: gzip,deflate
{"login":{"username":"prueba1","password":"123456789"}}

14:24:50.032 [Test worker] DEBUG com.intuit.karate - response time in milliseconds: 9
1 < 200
1 < Content-Type: application/json
1 < Content-Length: 191
{"token":"eyJhbGciOiJIUzI1NiJ9.eyJzdWIiOiJwcnVlYmExIiwiaXNzIjoiaW5nZXNpcy51bmlxdWluZGlvLmVkdS5jbyIsImlhdCI6MTcxNDA3MzA5MCwiZXhwIjoxNzE0MDczMDkzfQ.0b2z53zlBk6bAveQv7m8B21PI1lvRtekmpb4wYB1chQ"}

14:24:50.038 [Test worker] DEBUG com.intuit.karate - request:
2 > PUT http://localhost:8090/api/v1/users/password
2 > Authorization: eyJhbGciOiJIUzI1NiJ9.eyJzdWIiOiJwcnVlYmExIiwiaXNzIjoiaW5nZXNpcy51bmlxdWluZGlvLmVkdS5jbyIsImlhdCI6MTcxNDA3MzA5MCwiZXhwIjoxNzE0MDczMDkzfQ.0b2z53zlBk6bAveQv7m8B21PI1lvRtekmpb4wYB1chQ
2 > Content-Type: application/json; charset=UTF-8
2 > Content-Length: 24
2 > Host: localhost:8090
2 > Connection: Keep-Alive
2 > User-Agent: Apache-HttpClient/4.5.13 (Java/17.0.9)
2 > Accept-Encoding: gzip,deflate
{"password":"123456789"}

14:24:50.049 [Test worker] DEBUG com.intuit.karate - response time in milliseconds: 10
2 < 200
2 < Content-Type: application/json
2 < Content-Length: 106
{"id":"660b711e8306ec2895e3b3c4","username":"prueba1","password":"123456789","email":"prueba1@prueba.com"}

14:24:50.058 [Test worker] DEBUG com.intuit.karate - request:
1 > PUT http://localhost:8090/api/v1/users/password
1 > Authorization: Bearer
1 > Content-Type: application/json; charset=UTF-8
1 > Content-Length: 24
1 > Host: localhost:8090
1 > Connection: Keep-Alive
1 > User-Agent: Apache-HttpClient/4.5.13 (Java/17.0.9)
1 > Accept-Encoding: gzip,deflate
{"password":"123456789"}

14:24:50.065 [Test worker] DEBUG com.intuit.karate - response time in milliseconds: 7
1 < 401
1 < Content-Type: application/json
1 < Content-Length: 90
{"errors":[{"httpStatus":401,"domain":"PUT:/users/password","message":"Token malformed"}]}

14:24:50.075 [Test worker] DEBUG com.intuit.karate - request:
1 > PUT http://localhost:8090/api/v1/users/password
1 > Authorization: eyJhbGciOiJIUzI1NiJ9.eyJzdWIiOiJwcnVlYmExIiwiaXNzIjoiaW5nZXNpcy51bmlxdWluZGlvLmVkdS5jbyIsImlhdCI6MTcxMjAzNjUyMSwiZXhwIjoxNzEyMDM2NTIyfQ.2Y-z7uC_P6Elpvv7hqzv76-xX-mSx3xMf_hlt2Csq68
1 > Content-Type: application/json; charset=UTF-8
1 > Content-Length: 24
1 > Host: localhost:8090
1 > Connection: Keep-Alive
1 > User-Agent: Apache-HttpClient/4.5.13 (Java/17.0.9)
1 > Accept-Encoding: gzip,deflate
{"password":"123456789"}

14:24:50.082 [Test worker] DEBUG com.intuit.karate - response time in milliseconds: 7
1 < 401
1 < Content-Type: application/json
1 < Content-Length: 88
{"errors":[{"httpStatus":401,"domain":"PUT:/users/password","message":"Expired token"}]}

14:24:50.180 [Test worker] DEBUG com.intuit.karate - request:
1 > POST http://localhost:8090/api/v1/users
1 > Content-Type: application/json; charset=UTF-8
1 > Content-Length: 111
1 > Host: localhost:8090
1 > Connection: Keep-Alive
1 > User-Agent: Apache-HttpClient/4.5.13 (Java/17.0.9)
1 > Accept-Encoding: gzip,deflate
{"user":{"username":"fernanda.oberbrunneri2","email":"fernanda.oberbrunner@gmail.com","password":"rnalkyr647"}}

14:24:50.190 [Test worker] DEBUG com.intuit.karate - response time in milliseconds: 9
1 < 201
1 < Content-Type: application/json
1 < Content-Length: 143
{"user":{"id":"662aae02bbdb361bc6f6be90","username":"fernanda.oberbrunneri2","password":"rnalkyr647","email":"fernanda.oberbrunner@gmail.com"}}

14:24:50.204 [Test worker] DEBUG com.intuit.karate - request:
1 > POST http://localhost:8090/api/v1/users
1 > Content-Type: application/json; charset=UTF-8
1 > Content-Length: 63
1 > Host: localhost:8090
1 > Connection: Keep-Alive
1 > User-Agent: Apache-HttpClient/4.5.13 (Java/17.0.9)
1 > Accept-Encoding: gzip,deflate
{"user":{"password":"123456789","email":"prueba10@prueba.com"}}

14:24:50.211 [Test worker] DEBUG com.intuit.karate - response time in milliseconds: 6
1 < 400
1 < Content-Type: application/json
1 < Content-Length: 97
{"errors":[{"httpStatus":400,"domain":"POST:/users","message":"The username field is required"}]}

14:24:50.221 [Test worker] DEBUG com.intuit.karate - request:
1 > POST http://localhost:8090/api/v1/users
1 > Content-Type: application/json; charset=UTF-8
1 > Content-Length: 55
1 > Host: localhost:8090
1 > Connection: Keep-Alive
1 > User-Agent: Apache-HttpClient/4.5.13 (Java/17.0.9)
1 > Accept-Encoding: gzip,deflate
{"user":{"username":"prueba10","password":"123456789"}}

14:24:50.231 [Test worker] DEBUG com.intuit.karate - response time in milliseconds: 10
1 < 400
1 < Content-Type: application/json
1 < Content-Length: 94
{"errors":[{"httpStatus":400,"domain":"POST:/users","message":"The email field is required"}]}

14:24:50.242 [Test worker] DEBUG com.intuit.karate - request:
1 > POST http://localhost:8090/api/v1/users
1 > Content-Type: application/json; charset=UTF-8
1 > Content-Length: 62
1 > Host: localhost:8090
1 > Connection: Keep-Alive
1 > User-Agent: Apache-HttpClient/4.5.13 (Java/17.0.9)
1 > Accept-Encoding: gzip,deflate
{"user":{"username":"prueba10","email":"prueba10@prueba.com"}}

14:24:50.248 [Test worker] DEBUG com.intuit.karate - response time in milliseconds: 6
1 < 400
1 < Content-Type: application/json
1 < Content-Length: 96
{"errors":[{"httpStatus":400,"domain":"POST:/users","message":"The password field is require"}]}

14:24:50.256 [Test worker] DEBUG com.intuit.karate - request:
1 > POST http://localhost:8090/api/v1/users
1 > Content-Type: application/json; charset=UTF-8
1 > Content-Length: 85
1 > Host: localhost:8090
1 > Connection: Keep-Alive
1 > User-Agent: Apache-HttpClient/4.5.13 (Java/17.0.9)
1 > Accept-Encoding: gzip,deflate
{"user":{"username":"userdelete","password":"123456","email":"userdelete@gmail.com"}}

14:24:50.266 [Test worker] DEBUG com.intuit.karate - response time in milliseconds: 10
1 < 201
1 < Content-Type: application/json
1 < Content-Length: 117
{"user":{"id":"662aae02bbdb361bc6f6be91","username":"userdelete","password":"123456","email":"userdelete@gmail.com"}}

14:24:50.269 [Test worker] DEBUG com.intuit.karate - request:
2 > DELETE http://localhost:8090/api/v1/users/662aae02bbdb361bc6f6be91
2 > Host: localhost:8090
2 > Connection: Keep-Alive
2 > User-Agent: Apache-HttpClient/4.5.13 (Java/17.0.9)
2 > Accept-Encoding: gzip,deflate


14:24:50.276 [Test worker] DEBUG com.intuit.karate - response time in milliseconds: 7
2 < 204


14:24:50.284 [Test worker] DEBUG com.intuit.karate - request:
1 > GET http://localhost:8090/api/v1/users/660b711e8306ec2895e3b3c4
1 > Host: localhost:8090
1 > Connection: Keep-Alive
1 > User-Agent: Apache-HttpClient/4.5.13 (Java/17.0.9)
1 > Accept-Encoding: gzip,deflate


14:24:50.292 [Test worker] DEBUG com.intuit.karate - response time in milliseconds: 8
1 < 200
1 < Content-Type: application/json
1 < Content-Length: 115
{"user":{"id":"660b711e8306ec2895e3b3c4","username":"prueba1","password":"123456789","email":"prueba1@prueba.com"}}

14:24:50.300 [Test worker] DEBUG com.intuit.karate - request:
1 > GET http://localhost:8090/api/v1/users/1234567
1 > Host: localhost:8090
1 > Connection: Keep-Alive
1 > User-Agent: Apache-HttpClient/4.5.13 (Java/17.0.9)
1 > Accept-Encoding: gzip,deflate


14:24:50.306 [Test worker] DEBUG com.intuit.karate - response time in milliseconds: 6
1 < 404
1 < Content-Type: application/json
1 < Content-Length: 88
{"errors":[{"httpStatus":404,"domain":"GET:/users/1234567","message":"Not found user"}]}

14:24:50.317 [Test worker] DEBUG com.intuit.karate - request:
1 > PUT http://localhost:8090/api/v1/users
1 > Content-Type: application/json; charset=UTF-8
1 > Content-Length: 115
1 > Host: localhost:8090
1 > Connection: Keep-Alive
1 > User-Agent: Apache-HttpClient/4.5.13 (Java/17.0.9)
1 > Accept-Encoding: gzip,deflate
{"user":{"id":"660b711e8306ec2895e3b3c4","username":"prueba1","password":"123456789","email":"prueba1@prueba.com"}}

14:24:50.327 [Test worker] DEBUG com.intuit.karate - response time in milliseconds: 10
1 < 200
1 < Content-Type: application/json
1 < Content-Length: 115
{"user":{"id":"660b711e8306ec2895e3b3c4","username":"prueba1","password":"123456789","email":"prueba1@prueba.com"}}

14:24:50.336 [Test worker] DEBUG com.intuit.karate - request:
1 > PUT http://localhost:8090/api/v1/users
1 > Content-Type: application/json; charset=UTF-8
1 > Content-Length: 118
1 > Host: localhost:8090
1 > Connection: Keep-Alive
1 > User-Agent: Apache-HttpClient/4.5.13 (Java/17.0.9)
1 > Accept-Encoding: gzip,deflate
{"user":{"id":"660b711e8306ec2895e3b3c4222","username":"prueba1","password":"123456789","email":"prueba1@prueba.com"}}

14:24:50.345 [Test worker] DEBUG com.intuit.karate - response time in milliseconds: 9
1 < 404
1 < Content-Type: application/json
1 < Content-Length: 80
{"errors":[{"httpStatus":404,"domain":"PUT:/users","message":"Not found user"}]}

---------------------------------------------------------
feature: classpath:karate/user.feature
scenarios: 17 | passed: 16 | failed:  1 | time: 3,0987
---------------------------------------------------------

14:24:50.662 [Test worker] INFO  com.intuit.karate.Suite - <<fail>> feature 2 of 2 (0 remaining) classpath:karate/user.feature
14:24:50.663 [Test worker] DEBUG com.intuit.karate.Suite - waiting for 2 features to complete
Karate version: 1.3.1
======================================================
elapsed:   8,92 | threads:    1 | thread time: 6,01 
features:     2 | skipped:    0 | efficiency: 0,67
scenarios:   21 | passed:    16 | failed: 5
======================================================
>>> failed features:
http call failed after 2773 milliseconds for url: http://api-rest:8070/api/v1/log
classpath:karate/log.feature:17
http call failed after 1 milliseconds for url: http://api-rest:8070/api/v1/log
classpath:karate/log.feature:25
http call failed after 1 milliseconds for url: http://api-rest:8070/api/v1/logs
classpath:karate/log.feature:35
http call failed after 1 milliseconds for url: http://api-rest:8070/api/v1/logs/acceptance-test
classpath:karate/log.feature:43
http call failed after 2677 milliseconds for url: http://logs-rest:8070/api/v1/logs/userManagementApiRest
classpath:karate/user.feature:32
<<<

HTML report: (paste into browser to view) | Karate version: 1.3.1
file:///C:/Users/Usuario/Documents/Repositorios/Talleres/acceptance-test/build/karate-reports/karate-summary.html
===================================================================

]]></system-out>
  <system-err><![CDATA[abr 25, 2024 2:24:50 P. M. net.masterthought.cucumber.ReportParser parseJsonFiles
INFO: File 'C:\Users\Usuario\Documents\Repositorios\Talleres\acceptance-test\build\karate-reports\karate.log.json' contains 1 feature(s)
abr 25, 2024 2:24:50 P. M. net.masterthought.cucumber.ReportParser parseJsonFiles
INFO: File 'C:\Users\Usuario\Documents\Repositorios\Talleres\acceptance-test\build\karate-reports\karate.user.json' contains 1 feature(s)
]]></system-err>
</testsuite>
