<?xml version="1.0" encoding="UTF-8"?>
<testsuite name="TestParallel" tests="1" skipped="0" failures="0" errors="0" timestamp="2024-05-06T22:51:41" hostname="GARCES" time="14.647">
  <properties/>
  <testcase name="testAll()" classname="TestParallel" time="14.647"/>
  <system-out><![CDATA[17:51:41.972 [Test worker] DEBUG com.intuit.karate.Suite - [config] classpath:karate-config.js
17:51:41.979 [Test worker] INFO  com.intuit.karate.Suite - backed up existing 'build\karate-reports' dir to: build\karate-reports_1715035901978
17:51:43.021 [Test worker] DEBUG com.intuit.karate - request:
1 > POST http://localhost:8050/register
1 > Content-Type: application/json; charset=UTF-8
1 > Content-Length: 173
1 > Host: localhost:8050
1 > Connection: Keep-Alive
1 > User-Agent: Apache-HttpClient/4.5.13 (Java/17.0.9)
1 > Accept-Encoding: gzip,deflate
{"name":"apiRestTest","endpoint":"http:\/\/api-rest:8090\/api\/v1\/actuator\/health","status":"active","frequency":500,"notification_emails":["correo_ejemplo1@example.com"]}

17:51:43.053 [Test worker] DEBUG com.intuit.karate - response time in milliseconds: 29
1 < 201
1 < Server: Werkzeug/3.0.2 Python/3.9.19
1 < Date: Mon, 06 May 2024 22:51:43 GMT
1 < Content-Type: application/json
1 < Content-Length: 46
1 < Connection: close
{"message":"Service registered successfully"}


17:51:43.057 [Test worker] DEBUG com.intuit.karate - request:
2 > DELETE http://localhost:8050/delete/apiRestTest
2 > Host: localhost:8050
2 > Connection: Keep-Alive
2 > User-Agent: Apache-HttpClient/4.5.13 (Java/17.0.9)
2 > Accept-Encoding: gzip,deflate


17:51:43.065 [Test worker] DEBUG com.intuit.karate - response time in milliseconds: 8
2 < 200
2 < Server: Werkzeug/3.0.2 Python/3.9.19
2 < Date: Mon, 06 May 2024 22:51:43 GMT
2 < Content-Type: application/json
2 < Content-Length: 55
2 < Connection: close
{"message":"Service apiRestTest deleted successfully"}


17:51:43.100 [Test worker] DEBUG com.intuit.karate - request:
1 > GET http://localhost:8050/health/apiRest
1 > Host: localhost:8050
1 > Connection: Keep-Alive
1 > User-Agent: Apache-HttpClient/4.5.13 (Java/17.0.9)
1 > Accept-Encoding: gzip,deflate


17:51:43.113 [Test worker] DEBUG com.intuit.karate - response time in milliseconds: 13
1 < 200
1 < Server: Werkzeug/3.0.2 Python/3.9.19
1 < Date: Mon, 06 May 2024 22:51:43 GMT
1 < Content-Type: application/json
1 < Content-Length: 572
1 < Connection: close
{"components":{"diskSpace":{"details":{"exists":true,"free":242948567040,"path":"/.","threshold":10485760,"total":269490393088},"status":"UP"},"livenessState":{"details":{"from":"2024-05-06T21:08:05.296616367","status":"ALIVE","uptimeSeconds":6222},"status":"UP"},"mongo":{"details":{"maxWireVersion":13},"status":"UP"},"ping":{"status":"UP"},"rabbit":{"details":{"version":"3.11.11"},"status":"UP"},"readinessState":{"details":{"from":"2024-05-06T21:08:05.298227742","status":"ALIVE","uptimeSeconds":6222},"status":"UP"}},"groups":["liveness","readiness"],"status":"UP"}


17:51:43.137 [Test worker] DEBUG com.intuit.karate - request:
1 > GET http://localhost:8050/health/apiRestError
1 > Host: localhost:8050
1 > Connection: Keep-Alive
1 > User-Agent: Apache-HttpClient/4.5.13 (Java/17.0.9)
1 > Accept-Encoding: gzip,deflate


17:51:53.154 [Test worker] DEBUG com.intuit.karate - response time in milliseconds: 10017
1 < 503
1 < Server: Werkzeug/3.0.2 Python/3.9.19
1 < Date: Mon, 06 May 2024 22:51:53 GMT
1 < Content-Type: application/json
1 < Content-Length: 318
1 < Connection: close
{"message":"Error checking service health: HTTPConnectionPool(host='error', port=80): Max retries exceeded with url: /api/v1/actuator/health (Caused by NameResolutionError(\"<urllib3.connection.HTTPConnection object at 0x7fba6c90c070>: Failed to resolve 'error' ([Errno -3] Temporary failure in name resolution)\"))"}


17:51:53.166 [Test worker] DEBUG com.intuit.karate - request:
1 > GET http://localhost:8050/services
1 > Host: localhost:8050
1 > Connection: Keep-Alive
1 > User-Agent: Apache-HttpClient/4.5.13 (Java/17.0.9)
1 > Accept-Encoding: gzip,deflate


17:51:53.171 [Test worker] DEBUG com.intuit.karate - response time in milliseconds: 5
1 < 200
1 < Server: Werkzeug/3.0.2 Python/3.9.19
1 < Date: Mon, 06 May 2024 22:51:53 GMT
1 < Content-Type: application/json
1 < Content-Length: 332
1 < Connection: close
[{"endpoint":"http://api-rest:8090/api/v1/actuator/health","frequency":10,"name":"apiRest","notification_emails":["correo_ejemplo1@example.com"],"status":"active"},{"endpoint":"http://error/api/v1/actuator/health","frequency":100000000,"name":"apiRestError","notification_emails":["correo_ejemplo1@example.com"],"status":"active"}]


---------------------------------------------------------
feature: classpath:karate/health.feature
scenarios:  4 | passed:  4 | failed:  0 | time: 10,2914
---------------------------------------------------------

17:51:53.777 [Test worker] INFO  com.intuit.karate.Suite - <<pass>> feature 1 of 3 (0 remaining) classpath:karate/health.feature
17:51:53.794 [Test worker] DEBUG com.intuit.karate - request:
1 > POST http://localhost:8070/api/v1/log
1 > Content-Type: application/json; charset=UTF-8
1 > Content-Length: 192
1 > Host: localhost:8070
1 > Connection: Keep-Alive
1 > User-Agent: Apache-HttpClient/4.5.13 (Java/17.0.9)
1 > Accept-Encoding: gzip,deflate
{"application":"acceptance-test","type":"INFO","module":"feature","summary":"Log prueba","description":"Log generado desde las pruebas de aceptacion para comprobar su correcto funcionamiento"}

17:51:53.806 [Test worker] DEBUG com.intuit.karate - response time in milliseconds: 12
1 < 201
1 < Content-Type: application/json
1 < Content-Length: 268
{"id":"66395f0909fad5644204f078","application":"acceptance-test","type":"INFO","module":"feature","timestamp":"2024-05-06T22:51:53.799026989","summary":"Log prueba","description":"Log generado desde las pruebas de aceptacion para comprobar su correcto funcionamiento"}

17:51:53.817 [Test worker] DEBUG com.intuit.karate - request:
1 > POST http://localhost:8070/api/v1/log
1 > Content-Type: application/json; charset=UTF-8
1 > Content-Length: 160
1 > Host: localhost:8070
1 > Connection: Keep-Alive
1 > User-Agent: Apache-HttpClient/4.5.13 (Java/17.0.9)
1 > Accept-Encoding: gzip,deflate
{"type":"INFO","module":"feature","summary":"Log prueba","description":"Log generado desde las pruebas de aceptacion para comprobar su correcto funcionamiento"}

17:51:53.825 [Test worker] DEBUG com.intuit.karate - response time in milliseconds: 7
1 < 404
1 < Content-Type: application/json
1 < Content-Length: 96
{"errors":[{"httpStatus":404,"domain":"POST:/log","message":"A required attribute is missing"}]}

17:51:53.835 [Test worker] DEBUG com.intuit.karate - request:
1 > GET http://localhost:8070/api/v1/logs
1 > Host: localhost:8070
1 > Connection: Keep-Alive
1 > User-Agent: Apache-HttpClient/4.5.13 (Java/17.0.9)
1 > Accept-Encoding: gzip,deflate


17:51:53.857 [Test worker] DEBUG com.intuit.karate - response time in milliseconds: 22
1 < 200
1 < Content-Type: application/json
1 < Content-Length: 66230
[{"id":"662a9fc49143e034b3517971","application":"userManagementApiRest","type":"ERROR","module":"UseCase","timestamp":"2024-04-25T06:24:04","summary":"Autenticacion Fallida","description":"Unauthorized: Incorrect password"},{"id":"662a9fc49143e034b3517973","application":"userManagementApiRest","type":"INFO","module":"UseCase","timestamp":"2024-04-25T06:24:04","summary":"Autenticacion exitosa","description":"Usuario prueba1 ha generado el token de sesion de forma correcta"},{"id":"662a9fc49143e034b3517972","application":"userManagementApiRest","type":"ERROR","module":"UseCase","timestamp":"2024-04-25T06:24:04","summary":"Autenticacion Fallida","description":"Not found user"},{"id":"662a9fc49143e034b3517974","application":"userManagementApiRest","type":"INFO","module":"UseCase","timestamp":"2024-04-25T06:24:04","summary":"Autenticacion exitosa","description":"Usuario prueba1 ha generado el token de sesion de forma correcta"},{"id":"662aa0799143e034b3517975","application":"userManagementApiRest","type":"INFO","module":"UseCase","timestamp":"2024-04-25T06:27:05","summary":"Autenticacion exitosa","description":"Usuario prueba1 ha generado el token de sesion de forma correcta"},{"id":"662aa0799143e034b3517976","application":"userManagementApiRest","type":"ERROR","module":"UseCase","timestamp":"2024-04-25T06:27:05","summary":"Autenticacion Fallida","description":"Not found user"},{"id":"662aa0799143e034b3517977","application":"userManagementApiRest","type":"ERROR","module":"UseCase","timestamp":"2024-04-25T06:27:05","summary":"Autenticacion Fallida","description":"Unauthorized: Incorrect password"},{"id":"662aa0799143e034b3517978","application":"userManagementApiRest","type":"INFO","module":"UseCase","timestamp":"2024-04-25T06:27:05","summary":"Autenticacion exitosa","description":"Usuario prueba1 ha generado el token de sesion de forma correcta"},{"id":"662aa0929143e034b351797a","application":"userManagementApiRest","type":"INFO","module":"UseCase","timestamp":"2024-04-25T06:27:30","summary":"Autenticacion exitosa","description":"Usuario prueba1 ha generado el token de sesion de forma correcta"},{"id":"662aa0929143e034b351797b","application":"userManagementApiRest","type":"ERROR","module":"UseCase","timestamp":"2024-04-25T06:27:30","summary":"Autenticacion Fallida","description":"Not found user"},{"id":"662aa0929143e034b351797c","application":"userManagementApiRest","type":"ERROR","module":"UseCase","timestamp":"2024-04-25T06:27:30","summary":"Autenticacion Fallida","description":"Unauthorized: Incorrect password"},{"id":"662aa0929143e034b351797d","application":"userManagementApiRest","type":"INFO","module":"UseCase","timestamp":"2024-04-25T06:27:30","summary":"Autenticacion exitosa","description":"Usuario prueba1 ha generado el token de sesion de forma correcta"},{"id":"662aa15b9143e034b351797f","application":"userManagementApiRest","type":"INFO","module":"UseCase","timestamp":"2024-04-25T06:30:51","summary":"Autenticacion exitosa","description":"Usuario prueba1 ha generado el token de sesion de forma correcta"},{"id":"662aa15b9143e034b3517980","application":"userManagementApiRest","type":"ERROR","module":"UseCase","timestamp":"2024-04-25T06:30:51","summary":"Autenticacion Fallida","description":"Not found user"},{"id":"662aa15b9143e034b3517981","application":"userManagementApiRest","type":"ERROR","module":"UseCase","timestamp":"2024-04-25T06:30:51","summary":"Autenticacion Fallida","description":"Unauthorized: Incorrect password"},{"id":"662aa15c9143e034b3517982","application":"userManagementApiRest","type":"INFO","module":"UseCase","timestamp":"2024-04-25T06:30:52","summary":"Autenticacion exitosa","description":"Usuario prueba1 ha generado el token de sesion de forma correcta"},{"id":"662aa2139143e034b3517984","application":"userManagementApiRest","type":"INFO","module":"UseCase","timestamp":"2024-04-25T06:33:55","summary":"Autenticacion exitosa","description":"Usuario prueba1 ha generado el token de sesion de forma correcta"},{"id":"662aa2139143e034b3517985","application":"userManagementApiRest","type":"ERROR","module":"UseCase","timestamp":"2024-04-25T06:33:55","summary":"Autenticacion Fallida","description":"Not found user"},{"id":"662aa2139143e034b3517986","application":"userManagementApiRest","type":"ERROR","module":"UseCase","timestamp":"2024-04-25T06:33:55","summary":"Autenticacion Fallida","description":"Unauthorized: Incorrect password"},{"id":"662aa2139143e034b3517987","application":"userManagementApiRest","type":"INFO","module":"UseCase","timestamp":"2024-04-25T06:33:55","summary":"Autenticacion exitosa","description":"Usuario prueba1 ha generado el token de sesion de forma correcta"},{"id":"662aa2519143e034b3517989","application":"userManagementApiRest","type":"INFO","module":"UseCase","timestamp":"2024-04-25T06:34:57","summary":"Autenticacion exitosa","description":"Usuario prueba1 ha generado el token de sesion de forma correcta"},{"id":"662aa2519143e034b351798a","application":"userManagementApiRest","type":"ERROR","module":"UseCase","timestamp":"2024-04-25T06:34:57","summary":"Autenticacion Fallida","description":"Not found user"},{"id":"662aa2519143e034b351798b","application":"userManagementApiRest","type":"ERROR","module":"UseCase","timestamp":"2024-04-25T06:34:57","summary":"Autenticacion Fallida","description":"Unauthorized: Incorrect password"},{"id":"662aa2519143e034b351798c","application":"userManagementApiRest","type":"INFO","module":"UseCase","timestamp":"2024-04-25T06:34:57","summary":"Autenticacion exitosa","description":"Usuario prueba1 ha generado el token de sesion de forma correcta"},{"id":"662aa3139143e034b351798e","application":"userManagementApiRest","type":"INFO","module":"UseCase","timestamp":"2024-04-25T06:38:11","summary":"Autenticacion exitosa","description":"Usuario prueba1 ha generado el token de sesion de forma correcta"},{"id":"662aa3139143e034b351798f","application":"userManagementApiRest","type":"ERROR","module":"UseCase","timestamp":"2024-04-25T06:38:11","summary":"Autenticacion Fallida","description":"Not found user"},{"id":"662aa3139143e034b3517990","application":"userManagementApiRest","type":"ERROR","module":"UseCase","timestamp":"2024-04-25T06:38:11","summary":"Autenticacion Fallida","description":"Unauthorized: Incorrect password"},{"id":"662aa3139143e034b3517991","application":"userManagementApiRest","type":"INFO","module":"UseCase","timestamp":"2024-04-25T06:38:11","summary":"Autenticacion exitosa","description":"Usuario prueba1 ha generado el token de sesion de forma correcta"},{"id":"662aa3c69143e034b3517993","application":"userManagementApiRest","type":"INFO","module":"UseCase","timestamp":"2024-04-25T06:41:10","summary":"Autenticacion exitosa","description":"Usuario prueba1 ha generado el token de sesion de forma correcta"},{"id":"662aa3c69143e034b3517994","application":"userManagementApiRest","type":"ERROR","module":"UseCase","timestamp":"2024-04-25T06:41:10","summary":"Autenticacion Fallida","description":"Not found user"},{"id":"662aa3c69143e034b3517995","application":"userManagementApiRest","type":"ERROR","module":"UseCase","timestamp":"2024-04-25T06:41:10","summary":"Autenticacion Fallida","description":"Unauthorized: Incorrect password"},{"id":"662aa3c69143e034b3517996","application":"userManagementApiRest","type":"INFO","module":"UseCase","timestamp":"2024-04-25T06:41:10","summary":"Autenticacion exitosa","description":"Usuario prueba1 ha generado el token de sesion de forma correcta"},{"id":"662aa61d9143e034b3517998","application":"userManagementApiRest","type":"INFO","module":"UseCase","timestamp":"2024-04-25T06:51:09","summary":"Autenticacion exitosa","description":"Usuario prueba1 ha generado el token de sesion de forma correcta"},{"id":"662aa61d9143e034b3517999","application":"userManagementApiRest","type":"INFO","module":"UseCase","timestamp":"2024-04-25T06:51:09","summary":"Autenticacion exitosa","description":"Usuario prueba1 ha generado el token de sesion de forma correcta"},{"id":"662aa61d9143e034b351799a","application":"userManagementApiRest","type":"ERROR","module":"UseCase","timestamp":"2024-04-25T06:51:09","summary":"Autenticacion Fallida","description":"Not found user"},{"id":"662aa61d9143e034b351799b","application":"userManagementApiRest","type":"ERROR","module":"UseCase","timestamp":"2024-04-25T06:51:09","summary":"Autenticacion Fallida","description":"Unauthorized: Incorrect password"},{"id":"662aa61d9143e034b351799c","application":"userManagementApiRest","type":"INFO","module":"UseCase","timestamp":"2024-04-25T06:51:09","summary":"Autenticacion exitosa","description":"Usuario prueba1 ha generado el token de sesion de forma correcta"},{"id":"662aa6839143e034b351799e","application":"userManagementApiRest","type":"INFO","module":"UseCase","timestamp":"2024-04-25T06:52:51","summary":"Autenticacion exitosa","description":"Usuario prueba1 ha generado el token de sesion de forma correcta"},{"id":"662aa6839143e034b351799f","application":"userManagementApiRest","type":"INFO","module":"UseCase","timestamp":"2024-04-25T06:52:51","summary":"Autenticacion exitosa","description":"Usuario prueba1 ha generado el token de sesion de forma correcta"},{"id":"662aa6839143e034b35179a0","application":"userManagementApiRest","type":"ERROR","module":"UseCase","timestamp":"2024-04-25T06:52:51","summary":"Autenticacion Fallida","description":"Not found user"},{"id":"662aa6849143e034b35179a1","application":"userManagementApiRest","type":"ERROR","module":"UseCase","timestamp":"2024-04-25T06:52:52","summary":"Autenticacion Fallida","description":"Unauthorized: Incorrect password"},{"id":"662aa6849143e034b35179a2","application":"userManagementApiRest","type":"INFO","module":"UseCase","timestamp":"2024-04-25T06:52:52","summary":"Autenticacion exitosa","description":"Usuario prueba1 ha generado el token de sesion de forma correcta"},{"id":"662aa6dd9143e034b35179a4","application":"userManagementApiRest","type":"INFO","module":"UseCase","timestamp":"2024-04-25T06:54:21","summary":"Autenticacion exitosa","description":"Usuario prueba1 ha generado el token de sesion de forma correcta"},{"id":"662aa6dd9143e034b35179a5","application":"userManagementApiRest","type":"INFO","module":"UseCase","timestamp":"2024-04-25T06:54:21","summary":"Autenticacion exitosa","description":"Usuario prueba1 ha generado el token de sesion de forma correcta"},{"id":"662aa6dd9143e034b35179a6","application":"userManagementApiRest","type":"ERROR","module":"UseCase","timestamp":"2024-04-25T06:54:21","summary":"Autenticacion Fallida","description":"Not found user"},{"id":"662aa6dd9143e034b35179a7","application":"userManagementApiRest","type":"ERROR","module":"UseCase","timestamp":"2024-04-25T06:54:21","summary":"Autenticacion Fallida","description":"Unauthorized: Incorrect password"},{"id":"662aa6dd9143e034b35179a8","application":"userManagementApiRest","type":"INFO","module":"UseCase","timestamp":"2024-04-25T06:54:21","summary":"Autenticacion exitosa","description":"Usuario prueba1 ha generado el token de sesion de forma correcta"},{"id":"662aa71a9143e034b35179aa","application":"userManagementApiRest","type":"INFO","module":"UseCase","timestamp":"2024-04-25T06:55:22","summary":"Autenticacion exitosa","description":"Usuario prueba1 ha generado el token de sesion de forma correcta"},{"id":"662aa71a9143e034b35179ab","application":"userManagementApiRest","type":"INFO","module":"UseCase","timestamp":"2024-04-25T06:55:22","summary":"Autenticacion exitosa","description":"Usuario prueba1 ha generado el token de sesion de forma correcta"},{"id":"662aa71b9143e034b35179ac","application":"userManagementApiRest","type":"ERROR","module":"UseCase","timestamp":"2024-04-25T06:55:22","summary":"Autenticacion Fallida","description":"Not found user"},{"id":"662aa71b9143e034b35179ad","application":"userManagementApiRest","type":"ERROR","module":"UseCase","timestamp":"2024-04-25T06:55:23","summary":"Autenticacion Fallida","description":"Unauthorized: Incorrect password"},{"id":"662aa71b9143e034b35179ae","application":"userManagementApiRest","type":"INFO","module":"UseCase","timestamp":"2024-04-25T06:55:23","summary":"Autenticacion exitosa","description":"Usuario prueba1 ha generado el token de sesion de forma correcta"},{"id":"662aa79c9143e034b35179b0","application":"userManagementApiRest","type":"INFO","module":"UseCase","timestamp":"2024-04-25T06:57:32","summary":"Autenticacion exitosa","description":"Usuario prueba1 ha generado el token de sesion de forma correcta"},{"id":"662aa79c9143e034b35179b1","application":"userManagementApiRest","type":"INFO","module":"UseCase","timestamp":"2024-04-25T06:57:32","summary":"Autenticacion exitosa","description":"Usuario prueba1 ha generado el token de sesion de forma correcta"},{"id":"662aa79c9143e034b35179b2","application":"userManagementApiRest","type":"ERROR","module":"UseCase","timestamp":"2024-04-25T06:57:32","summary":"Autenticacion Fallida","description":"Not found user"},{"id":"662aa79c9143e034b35179b3","application":"userManagementApiRest","type":"ERROR","module":"UseCase","timestamp":"2024-04-25T06:57:32","summary":"Autenticacion Fallida","description":"Unauthorized: Incorrect password"},{"id":"662aa79c9143e034b35179b4","application":"userManagementApiRest","type":"INFO","module":"UseCase","timestamp":"2024-04-25T06:57:32","summary":"Autenticacion exitosa","description":"Usuario prueba1 ha generado el token de sesion de forma correcta"},{"id":"662aa7e49143e034b35179b6","application":"userManagementApiRest","type":"INFO","module":"UseCase","timestamp":"2024-04-25T06:58:44","summary":"Autenticacion exitosa","description":"Usuario prueba1 ha generado el token de sesion de forma correcta"},{"id":"662aa7e49143e034b35179b7","application":"userManagementApiRest","type":"INFO","module":"UseCase","timestamp":"2024-04-25T06:58:44","summary":"Autenticacion exitosa","description":"Usuario prueba1 ha generado el token de sesion de forma correcta"},{"id":"662aa7e49143e034b35179b8","application":"userManagementApiRest","type":"ERROR","module":"UseCase","timestamp":"2024-04-25T06:58:44","summary":"Autenticacion Fallida","description":"Not found user"},{"id":"662aa7e49143e034b35179b9","application":"userManagementApiRest","type":"ERROR","module":"UseCase","timestamp":"2024-04-25T06:58:44","summary":"Autenticacion Fallida","description":"Unauthorized: Incorrect password"},{"id":"662aa7e49143e034b35179ba","application":"userManagementApiRest","type":"INFO","module":"UseCase","timestamp":"2024-04-25T06:58:44","summary":"Autenticacion exitosa","description":"Usuario prueba1 ha generado el token de sesion de forma correcta"},{"id":"662aa8319143e034b35179bc","application":"userManagementApiRest","type":"INFO","module":"UseCase","timestamp":"2024-04-25T07:00:01","summary":"Autenticacion exitosa","description":"Usuario prueba1 ha generado el token de sesion de forma correcta"},{"id":"662aa8319143e034b35179bd","application":"userManagementApiRest","type":"INFO","module":"UseCase","timestamp":"2024-04-25T07:00:01","summary":"Autenticacion exitosa","description":"Usuario prueba1 ha generado el token de sesion de forma correcta"},{"id":"662aa8329143e034b35179be","application":"userManagementApiRest","type":"ERROR","module":"UseCase","timestamp":"2024-04-25T07:00:02","summary":"Autenticacion Fallida","description":"Not found user"},{"id":"662aa8329143e034b35179bf","application":"userManagementApiRest","type":"ERROR","module":"UseCase","timestamp":"2024-04-25T07:00:02","summary":"Autenticacion Fallida","description":"Unauthorized: Incorrect password"},{"id":"662aa8329143e034b35179c0","application":"userManagementApiRest","type":"INFO","module":"UseCase","timestamp":"2024-04-25T07:00:02","summary":"Autenticacion exitosa","description":"Usuario prueba1 ha generado el token de sesion de forma correcta"},{"id":"662aa8a99143e034b35179c2","application":"userManagementApiRest","type":"INFO","module":"UseCase","timestamp":"2024-04-25T07:02:01","summary":"Autenticacion exitosa","description":"Usuario prueba1 ha generado el token de sesion de forma correcta"},{"id":"662aa8a99143e034b35179c3","application":"userManagementApiRest","type":"INFO","module":"UseCase","timestamp":"2024-04-25T07:02:01","summary":"Autenticacion exitosa","description":"Usuario prueba1 ha generado el token de sesion de forma correcta"},{"id":"662aa8a99143e034b35179c4","application":"userManagementApiRest","type":"ERROR","module":"UseCase","timestamp":"2024-04-25T07:02:01","summary":"Autenticacion Fallida","description":"Not found user"},{"id":"662aa8a99143e034b35179c5","application":"userManagementApiRest","type":"ERROR","module":"UseCase","timestamp":"2024-04-25T07:02:01","summary":"Autenticacion Fallida","description":"Unauthorized: Incorrect password"},{"id":"662aa8a99143e034b35179c6","application":"userManagementApiRest","type":"INFO","module":"UseCase","timestamp":"2024-04-25T07:02:01","summary":"Autenticacion exitosa","description":"Usuario prueba1 ha generado el token de sesion de forma correcta"},{"id":"662aa8b79143e034b35179c8","application":"userManagementApiRest","type":"INFO","module":"UseCase","timestamp":"2024-04-25T07:02:15","summary":"Autenticacion exitosa","description":"Usuario prueba1 ha generado el token de sesion de forma correcta"},{"id":"662aa8b79143e034b35179c9","application":"userManagementApiRest","type":"INFO","module":"UseCase","timestamp":"2024-04-25T07:02:15","summary":"Autenticacion exitosa","description":"Usuario prueba1 ha generado el token de sesion de forma correcta"},{"id":"662aa8b79143e034b35179ca","application":"userManagementApiRest","type":"ERROR","module":"UseCase","timestamp":"2024-04-25T07:02:15","summary":"Autenticacion Fallida","description":"Not found user"},{"id":"662aa8b79143e034b35179cb","application":"userManagementApiRest","type":"ERROR","module":"UseCase","timestamp":"2024-04-25T07:02:15","summary":"Autenticacion Fallida","description":"Unauthorized: Incorrect password"},{"id":"662aa8b79143e034b35179cc","application":"userManagementApiRest","type":"INFO","module":"UseCase","timestamp":"2024-04-25T07:02:15","summary":"Autenticacion exitosa","description":"Usuario prueba1 ha generado el token de sesion de forma correcta"},{"id":"662aa8ed9143e034b35179ce","application":"userManagementApiRest","type":"INFO","module":"UseCase","timestamp":"2024-04-25T07:03:09","summary":"Autenticacion exitosa","description":"Usuario prueba1 ha generado el token de sesion de forma correcta"},{"id":"662aa8ed9143e034b35179cf","application":"userManagementApiRest","type":"INFO","module":"UseCase","timestamp":"2024-04-25T07:03:09","summary":"Autenticacion exitosa","description":"Usuario prueba1 ha generado el token de sesion de forma correcta"},{"id":"662aa8ed9143e034b35179d0","application":"userManagementApiRest","type":"ERROR","module":"UseCase","timestamp":"2024-04-25T07:03:09","summary":"Autenticacion Fallida","description":"Not found user"},{"id":"662aa8ed9143e034b35179d1","application":"userManagementApiRest","type":"ERROR","module":"UseCase","timestamp":"2024-04-25T07:03:09","summary":"Autenticacion Fallida","description":"Unauthorized: Incorrect password"},{"id":"662aa8ed9143e034b35179d2","application":"userManagementApiRest","type":"INFO","module":"UseCase","timestamp":"2024-04-25T07:03:09","summary":"Autenticacion exitosa","description":"Usuario prueba1 ha generado el token de sesion de forma correcta"},{"id":"662aa9289143e034b35179d4","application":"userManagementApiRest","type":"INFO","module":"UseCase","timestamp":"2024-04-25T07:04:08","summary":"Autenticacion exitosa","description":"Usuario prueba1 ha generado el token de sesion de forma correcta"},{"id":"662aa9289143e034b35179d5","application":"userManagementApiRest","type":"INFO","module":"UseCase","timestamp":"2024-04-25T07:04:08","summary":"Autenticacion exitosa","description":"Usuario prueba1 ha generado el token de sesion de forma correcta"},{"id":"662aa9289143e034b35179d6","application":"userManagementApiRest","type":"ERROR","module":"UseCase","timestamp":"2024-04-25T07:04:08","summary":"Autenticacion Fallida","description":"Not found user"},{"id":"662aa9299143e034b35179d7","application":"userManagementApiRest","type":"ERROR","module":"UseCase","timestamp":"2024-04-25T07:04:09","summary":"Autenticacion Fallida","description":"Unauthorized: Incorrect password"},{"id":"662aa9299143e034b35179d8","application":"userManagementApiRest","type":"INFO","module":"UseCase","timestamp":"2024-04-25T07:04:09","summary":"Autenticacion exitosa","description":"Usuario prueba1 ha generado el token de sesion de forma correcta"},{"id":"662aaa729143e034b35179da","application":"userManagementApiRest","type":"INFO","module":"UseCase","timestamp":"2024-04-25T07:09:38","summary":"Autenticacion exitosa","description":"Usuario prueba1 ha generado el token de sesion de forma correcta"},{"id":"662aaa729143e034b35179db","application":"userManagementApiRest","type":"INFO","module":"UseCase","timestamp":"2024-04-25T07:09:38","summary":"Autenticacion exitosa","description":"Usuario prueba1 ha generado el token de sesion de forma correcta"},{"id":"662aaa729143e034b35179dc","application":"userManagementApiRest","type":"ERROR","module":"UseCase","timestamp":"2024-04-25T07:09:38","summary":"Autenticacion Fallida","description":"Not found user"},{"id":"662aaa729143e034b35179dd","application":"userManagementApiRest","type":"ERROR","module":"UseCase","timestamp":"2024-04-25T07:09:38","summary":"Autenticacion Fallida","description":"Unauthorized: Incorrect password"},{"id":"662aaa729143e034b35179de","application":"userManagementApiRest","type":"INFO","module":"UseCase","timestamp":"2024-04-25T07:09:38","summary":"Autenticacion exitosa","description":"Usuario prueba1 ha generado el token de sesion de forma correcta"},{"id":"662aaa999143e034b35179e0","application":"userManagementApiRest","type":"INFO","module":"UseCase","timestamp":"2024-04-25T07:10:17","summary":"Autenticacion exitosa","description":"Usuario prueba1 ha generado el token de sesion de forma correcta"},{"id":"662aaa999143e034b35179e1","application":"userManagementApiRest","type":"INFO","module":"UseCase","timestamp":"2024-04-25T07:10:17","summary":"Autenticacion exitosa","description":"Usuario prueba1 ha generado el token de sesion de forma correcta"},{"id":"662aaa999143e034b35179e2","application":"userManagementApiRest","type":"ERROR","module":"UseCase","timestamp":"2024-04-25T07:10:17","summary":"Autenticacion Fallida","description":"Not found user"},{"id":"662aaa999143e034b35179e3","application":"userManagementApiRest","type":"ERROR","module":"UseCase","timestamp":"2024-04-25T07:10:17","summary":"Autenticacion Fallida","description":"Unauthorized: Incorrect password"},{"id":"662aaa999143e034b35179e4","application":"userManagementApiRest","type":"INFO","module":"UseCase","timestamp":"2024-04-25T07:10:17","summary":"Autenticacion exitosa","description":"Usuario prueba1 ha generado el token de sesion de forma correcta"},{"id":"662aaab09143e034b35179e6","application":"userManagementApiRest","type":"INFO","module":"UseCase","timestamp":"2024-04-25T07:10:40","summary":"Autenticacion exitosa","description":"Usuario prueba1 ha generado el token de sesion de forma correcta"},{"id":"662aaab09143e034b35179e7","application":"userManagementApiRest","type":"INFO","module":"UseCase","timestamp":"2024-04-25T07:10:40","summary":"Autenticacion exitosa","description":"Usuario prueba1 ha generado el token de sesion de forma correcta"},{"id":"662aaab09143e034b35179e8","application":"userManagementApiRest","type":"ERROR","module":"UseCase","timestamp":"2024-04-25T07:10:40","summary":"Autenticacion Fallida","description":"Not found user"},{"id":"662aaab09143e034b35179e9","application":"userManagementApiRest","type":"ERROR","module":"UseCase","timestamp":"2024-04-25T07:10:40","summary":"Autenticacion Fallida","description":"Unauthorized: Incorrect password"},{"id":"662aaab09143e034b35179ea","application":"userManagementApiRest","type":"INFO","module":"UseCase","timestamp":"2024-04-25T07:10:40","summary":"Autenticacion exitosa","description":"Usuario prueba1 ha generado el token de sesion de forma correcta"},{"id":"662aaac59143e034b35179ec","application":"userManagementApiRest","type":"INFO","module":"UseCase","timestamp":"2024-04-25T07:11:01","summary":"Autenticacion exitosa","description":"Usuario prueba1 ha generado el token de sesion de forma correcta"},{"id":"662aaac59143e034b35179ed","application":"userManagementApiRest","type":"INFO","module":"UseCase","timestamp":"2024-04-25T07:11:01","summary":"Autenticacion exitosa","description":"Usuario prueba1 ha generado el token de sesion de forma correcta"},{"id":"662aaac59143e034b35179ee","application":"userManagementApiRest","type":"ERROR","module":"UseCase","timestamp":"2024-04-25T07:11:01","summary":"Autenticacion Fallida","description":"Not found user"},{"id":"662aaac59143e034b35179ef","application":"userManagementApiRest","type":"ERROR","module":"UseCase","timestamp":"2024-04-25T07:11:01","summary":"Autenticacion Fallida","description":"Unauthorized: Incorrect password"},{"id":"662aaac59143e034b35179f0","application":"userManagementApiRest","type":"INFO","module":"UseCase","timestamp":"2024-04-25T07:11:01","summary":"Autenticacion exitosa","description":"Usuario prueba1 ha generado el token de sesion de forma correcta"},{"id":"662aaaed9143e034b35179f2","application":"userManagementApiRest","type":"INFO","module":"UseCase","timestamp":"2024-04-25T07:11:41","summary":"Autenticacion exitosa","description":"Usuario prueba1 ha generado el token de sesion de forma correcta"},{"id":"662aaaed9143e034b35179f3","application":"userManagementApiRest","type":"INFO","module":"UseCase","timestamp":"2024-04-25T07:11:41","summary":"Autenticacion exitosa","description":"Usuario prueba1 ha generado el token de sesion de forma correcta"},{"id":"662aaaed9143e034b35179f4","application":"userManagementApiRest","type":"ERROR","module":"UseCase","timestamp":"2024-04-25T07:11:41","summary":"Autenticacion Fallida","description":"Not found user"},{"id":"662aaaed9143e034b35179f5","application":"userManagementApiRest","type":"ERROR","module":"UseCase","timestamp":"2024-04-25T07:11:41","summary":"Autenticacion Fallida","description":"Unauthorized: Incorrect password"},{"id":"662aaaed9143e034b35179f6","application":"userManagementApiRest","type":"INFO","module":"UseCase","timestamp":"2024-04-25T07:11:41","summary":"Autenticacion exitosa","description":"Usuario prueba1 ha generado el token de sesion de forma correcta"},{"id":"662aad869143e034b35179f7","application":"userManagementApiRest","type":"INFO","module":"UseCase","timestamp":"2024-04-25T07:22:46","summary":"Autenticacion exitosa","description":"Usuario prueba1 ha generado el token de sesion de forma correcta"},{"id":"662aad869143e034b35179f8","application":"userManagementApiRest","type":"INFO","module":"UseCase","timestamp":"2024-04-25T07:22:46","summary":"Autenticacion exitosa","description":"Usuario prueba1 ha generado el token de sesion de forma correcta"},{"id":"662aad869143e034b35179f9","application":"userManagementApiRest","type":"ERROR","module":"UseCase","timestamp":"2024-04-25T07:22:46","summary":"Autenticacion Fallida","description":"Not found user"},{"id":"662aad869143e034b35179fa","application":"userManagementApiRest","type":"ERROR","module":"UseCase","timestamp":"2024-04-25T07:22:46","summary":"Autenticacion Fallida","description":"Unauthorized: Incorrect password"},{"id":"662aad869143e034b35179fb","application":"userManagementApiRest","type":"INFO","module":"UseCase","timestamp":"2024-04-25T07:22:46","summary":"Autenticacion exitosa","description":"Usuario prueba1 ha generado el token de sesion de forma correcta"},{"id":"662aadc09143e034b35179fc","application":"userManagementApiRest","type":"INFO","module":"UseCase","timestamp":"2024-04-25T07:23:44","summary":"Autenticacion exitosa","description":"Usuario prueba1 ha generado el token de sesion de forma correcta"},{"id":"662aadc09143e034b35179fd","application":"userManagementApiRest","type":"INFO","module":"UseCase","timestamp":"2024-04-25T07:23:44","summary":"Autenticacion exitosa","description":"Usuario prueba1 ha generado el token de sesion de forma correcta"},{"id":"662aadc09143e034b35179fe","application":"userManagementApiRest","type":"ERROR","module":"UseCase","timestamp":"2024-04-25T07:23:44","summary":"Autenticacion Fallida","description":"Not found user"},{"id":"662aadc09143e034b35179ff","application":"userManagementApiRest","type":"ERROR","module":"UseCase","timestamp":"2024-04-25T07:23:44","summary":"Autenticacion Fallida","description":"Unauthorized: Incorrect password"},{"id":"662aadc09143e034b3517a00","application":"userManagementApiRest","type":"INFO","module":"UseCase","timestamp":"2024-04-25T07:23:44","summary":"Autenticacion exitosa","description":"Usuario prueba1 ha generado el token de sesion de forma correcta"},{"id":"662aadff9143e034b3517a01","application":"userManagementApiRest","type":"INFO","module":"UseCase","timestamp":"2024-04-25T07:24:47","summary":"Autenticacion exitosa","description":"Usuario prueba1 ha generado el token de sesion de forma correcta"},{"id":"662aadff9143e034b3517a02","application":"userManagementApiRest","type":"INFO","module":"UseCase","timestamp":"2024-04-25T07:24:47","summary":"Autenticacion exitosa","description":"Usuario prueba1 ha generado el token de sesion de forma correcta"},{"id":"662aae019143e034b3517a03","application":"userManagementApiRest","type":"ERROR","module":"UseCase","timestamp":"2024-04-25T07:24:49","summary":"Autenticacion Fallida","description":"Not found user"},{"id":"662aae019143e034b3517a04","application":"userManagementApiRest","type":"ERROR","module":"UseCase","timestamp":"2024-04-25T07:24:49","summary":"Autenticacion Fallida","description":"Unauthorized: Incorrect password"},{"id":"662aae029143e034b3517a05","application":"userManagementApiRest","type":"INFO","module":"UseCase","timestamp":"2024-04-25T07:24:50","summary":"Autenticacion exitosa","description":"Usuario prueba1 ha generado el token de sesion de forma correcta"},{"id":"662aaed69143e034b3517a07","application":"userManagementApiRest","type":"INFO","module":"UseCase","timestamp":"2024-04-25T07:28:22","summary":"Autenticacion exitosa","description":"Usuario prueba1 ha generado el token de sesion de forma correcta"},{"id":"662aaed79143e034b3517a08","application":"userManagementApiRest","type":"INFO","module":"UseCase","timestamp":"2024-04-25T07:28:23","summary":"Autenticacion exitosa","description":"Usuario prueba1 ha generado el token de sesion de forma correcta"},{"id":"662aaed79143e034b3517a09","application":"userManagementApiRest","type":"ERROR","module":"UseCase","timestamp":"2024-04-25T07:28:23","summary":"Autenticacion Fallida","description":"Not found user"},{"id":"662aaed79143e034b3517a0a","application":"userManagementApiRest","type":"ERROR","module":"UseCase","timestamp":"2024-04-25T07:28:23","summary":"Autenticacion Fallida","description":"Unauthorized: Incorrect password"},{"id":"662aaed79143e034b3517a0b","application":"userManagementApiRest","type":"INFO","module":"UseCase","timestamp":"2024-04-25T07:28:23","summary":"Autenticacion exitosa","description":"Usuario prueba1 ha generado el token de sesion de forma correcta"},{"id":"662a2c62a05db44d09a5e51c","application":"nombre_de_la_aplicacion","type":"tipo_de_log","module":"clase_o_modulo_que_lo_genera","timestamp":"2024-04-25T10:11:46.948","summary":"resumen_del_log","description":"descripcion_del_log"},{"id":"662a2e711cc3eb4df53a0e63","application":"nombre_de_la_aplicacion","type":"tipo_de_log","module":"clase_o_modulo_que_lo_genera","timestamp":"2024-04-25T10:20:33.226","summary":"resumen_del_log","description":"descripcion_del_log"},{"id":"662a319a8a7d827af63b4326","application":"nombre_de_la_aplicacion2","type":"tipo_de_log","module":"clase_o_modulo_que_lo_genera","timestamp":"2024-04-25T10:34:02.645","summary":"resumen_del_log","description":"descripcion_del_log"},{"id":"662a319b8a7d827af63b4327","application":"nombre_de_la_aplicacion2","type":"tipo_de_log","module":"clase_o_modulo_que_lo_genera","timestamp":"2024-04-25T10:34:03.627","summary":"resumen_del_log","description":"descripcion_del_log"},{"id":"662a319d8a7d827af63b4328","application":"nombre_de_la_aplicacion2","type":"tipo_de_log","module":"clase_o_modulo_que_lo_genera","timestamp":"2024-04-25T10:34:05.79","summary":"resumen_del_log","description":"descripcion_del_log"},{"id":"662a31a28a7d827af63b4329","application":"nombre_de_la_aplicacion3","type":"tipo_de_log","module":"clase_o_modulo_que_lo_genera","timestamp":"2024-04-25T10:34:10.07","summary":"resumen_del_log","description":"descripcion_del_log"},{"id":"662a3c119143e034b351796f","application":"userManagementApiRest","type":"INFO","module":"UseCase","timestamp":"2024-04-25T11:18:41","summary":"Autenticacion exitosa","description":"Usuario prueba1 ha generado el token de sesion de forma correcta"},{"id":"662a3cc29143e034b3517970","application":"nombre_de_la_aplicacion3","type":"tipo_de_log","module":"clase_o_modulo_que_lo_genera","timestamp":"2024-04-25T11:21:38.428","summary":"resumen_del_log","description":"descripcion_del_log"},{"id":"662a393ca5945c055c2058ae","application":"userManagementApiRest","type":"INFO","module":"UseCase","timestamp":"2024-04-25T16:05:01","summary":"Autenticacion exitosa","description":"Usuario prueba1 ha generado el token de sesion de forma correcta"},{"id":"662a3943a5945c055c2058af","application":"userManagementApiRest","type":"INFO","module":"UseCase","timestamp":"2024-04-25T16:06:43","summary":"Autenticacion exitosa","description":"Usuario prueba1 ha generado el token de sesion de forma correcta"},{"id":"662a3958a5945c055c2058b0","application":"userManagementApiRest","type":"ERROR","module":"UseCase","timestamp":"2024-04-25T16:07:04","summary":"Autenticacion Fallida","description":"Not found user"},{"id":"662a396ca5945c055c2058b1","application":"userManagementApiRest","type":"ERROR","module":"UseCase","timestamp":"2024-04-25T16:07:24","summary":"Autenticacion Fallida","description":"Not found user"},{"id":"662a3970a5945c055c2058b2","application":"userManagementApiRest","type":"INFO","module":"UseCase","timestamp":"2024-04-25T16:07:28","summary":"Autenticacion exitosa","description":"Usuario prueba1 ha generado el token de sesion de forma correcta"},{"id":"662a3a528ae1ad7633a2b440","application":"userManagementApiRest","type":"INFO","module":"UseCase","timestamp":"2024-04-25T16:11:14","summary":"Autenticacion exitosa","description":"Usuario prueba1 ha generado el token de sesion de forma correcta"},{"id":"662aa0919143e034b3517979","application":"acceptance-test","type":"INFO","module":"feature","timestamp":"2024-04-25T18:27:29.908","summary":"Log prueba","description":"Log generado desde las pruebas de aceptacion para comprobar su correcto funcionamiento"},{"id":"662aa15b9143e034b351797e","application":"acceptance-test","type":"INFO","module":"feature","timestamp":"2024-04-25T18:30:51.15","summary":"Log prueba","description":"Log generado desde las pruebas de aceptacion para comprobar su correcto funcionamiento"},{"id":"662aa2139143e034b3517983","application":"acceptance-test","type":"INFO","module":"feature","timestamp":"2024-04-25T18:33:55.021","summary":"Log prueba","description":"Log generado desde las pruebas de aceptacion para comprobar su correcto funcionamiento"},{"id":"662aa2509143e034b3517988","application":"acceptance-test","type":"INFO","module":"feature","timestamp":"2024-04-25T18:34:56.619","summary":"Log prueba","description":"Log generado desde las pruebas de aceptacion para comprobar su correcto funcionamiento"},{"id":"662aa3129143e034b351798d","application":"acceptance-test","type":"INFO","module":"feature","timestamp":"2024-04-25T18:38:10.388","summary":"Log prueba","description":"Log generado desde las pruebas de aceptacion para comprobar su correcto funcionamiento"},{"id":"662aa3c59143e034b3517992","application":"acceptance-test","type":"INFO","module":"feature","timestamp":"2024-04-25T18:41:09.512","summary":"Log prueba","description":"Log generado desde las pruebas de aceptacion para comprobar su correcto funcionamiento"},{"id":"662aa61c9143e034b3517997","application":"acceptance-test","type":"INFO","module":"feature","timestamp":"2024-04-25T18:51:08.887","summary":"Log prueba","description":"Log generado desde las pruebas de aceptacion para comprobar su correcto funcionamiento"},{"id":"662aa6839143e034b351799d","application":"acceptance-test","type":"INFO","module":"feature","timestamp":"2024-04-25T18:52:51.174","summary":"Log prueba","description":"Log generado desde las pruebas de aceptacion para comprobar su correcto funcionamiento"},{"id":"662aa6dc9143e034b35179a3","application":"acceptance-test","type":"INFO","module":"feature","timestamp":"2024-04-25T18:54:20.816","summary":"Log prueba","description":"Log generado desde las pruebas de aceptacion para comprobar su correcto funcionamiento"},{"id":"662aa71a9143e034b35179a9","application":"acceptance-test","type":"INFO","module":"feature","timestamp":"2024-04-25T18:55:22.196","summary":"Log prueba","description":"Log generado desde las pruebas de aceptacion para comprobar su correcto funcionamiento"},{"id":"662aa79b9143e034b35179af","application":"acceptance-test","type":"INFO","module":"feature","timestamp":"2024-04-25T18:57:31.916","summary":"Log prueba","description":"Log generado desde las pruebas de aceptacion para comprobar su correcto funcionamiento"},{"id":"662aa7e39143e034b35179b5","application":"acceptance-test","type":"INFO","module":"feature","timestamp":"2024-04-25T18:58:43.873","summary":"Log prueba","description":"Log generado desde las pruebas de aceptacion para comprobar su correcto funcionamiento"},{"id":"662aa8319143e034b35179bb","application":"acceptance-test","type":"INFO","module":"feature","timestamp":"2024-04-25T19:00:01.175","summary":"Log prueba","description":"Log generado desde las pruebas de aceptacion para comprobar su correcto funcionamiento"},{"id":"662aa8a89143e034b35179c1","application":"acceptance-test","type":"INFO","module":"feature","timestamp":"2024-04-25T19:02:00.793","summary":"Log prueba","description":"Log generado desde las pruebas de aceptacion para comprobar su correcto funcionamiento"},{"id":"662aa8b69143e034b35179c7","application":"acceptance-test","type":"INFO","module":"feature","timestamp":"2024-04-25T19:02:14.437","summary":"Log prueba","description":"Log generado desde las pruebas de aceptacion para comprobar su correcto funcionamiento"},{"id":"662aa8ec9143e034b35179cd","application":"acceptance-test","type":"INFO","module":"feature","timestamp":"2024-04-25T19:03:08.331","summary":"Log prueba","description":"Log generado desde las pruebas de aceptacion para comprobar su correcto funcionamiento"},{"id":"662aa9289143e034b35179d3","application":"acceptance-test","type":"INFO","module":"feature","timestamp":"2024-04-25T19:04:08.19","summary":"Log prueba","description":"Log generado desde las pruebas de aceptacion para comprobar su correcto funcionamiento"},{"id":"662aaa719143e034b35179d9","application":"acceptance-test","type":"INFO","module":"feature","timestamp":"2024-04-25T19:09:37.352","summary":"Log prueba","description":"Log generado desde las pruebas de aceptacion para comprobar su correcto funcionamiento"},{"id":"662aaa989143e034b35179df","application":"acceptance-test","type":"INFO","module":"feature","timestamp":"2024-04-25T19:10:16.235","summary":"Log prueba","description":"Log generado desde las pruebas de aceptacion para comprobar su correcto funcionamiento"},{"id":"662aaaaf9143e034b35179e5","application":"acceptance-test","type":"INFO","module":"feature","timestamp":"2024-04-25T19:10:39.741","summary":"Log prueba","description":"Log generado desde las pruebas de aceptacion para comprobar su correcto funcionamiento"},{"id":"662aaac49143e034b35179eb","application":"acceptance-test","type":"INFO","module":"feature","timestamp":"2024-04-25T19:11:00.41","summary":"Log prueba","description":"Log generado desde las pruebas de aceptacion para comprobar su correcto funcionamiento"},{"id":"662aaaec9143e034b35179f1","application":"acceptance-test","type":"INFO","module":"feature","timestamp":"2024-04-25T19:11:40.497","summary":"Log prueba","description":"Log generado desde las pruebas de aceptacion para comprobar su correcto funcionamiento"},{"id":"662aaed59143e034b3517a06","application":"acceptance-test","type":"INFO","module":"feature","timestamp":"2024-04-25T19:28:21.701","summary":"Log prueba","description":"Log generado desde las pruebas de aceptacion para comprobar su correcto funcionamiento"},{"id":"662b03f09143e034b3517a0c","application":"postman","type":"INFO","module":"clase_o_modulo_que_lo_genera","timestamp":"2024-04-26T01:31:28.524","summary":"resumen_del_log","description":"descripcion_del_log"},{"id":"662b04309143e034b3517a0d","application":"postman","type":"INFO","module":"clase_o_modulo_que_lo_genera","timestamp":"2024-04-26T01:32:32.269","summary":"Log de prueba","description":"Log generado desde la aplicacion postman para probar el correcto funcionamient"},{"id":"662b05429143e034b3517a0e","application":"userManagementApiRest","type":"INFO","module":"UseCase","timestamp":"2024-04-26T01:37:06","summary":"Autenticacion exitosa","description":"Usuario prueba1 ha generado el token de sesion de forma correcta"},{"id":"662b0b299143e034b3517a0f","application":"postman","type":"INFO","module":"clase_o_modulo_que_lo_genera","timestamp":"2024-04-26T02:02:17.032","summary":"Log de prueba","description":"Log generado desde la aplicacion postman para probar el correcto funcionamient"},{"id":"662b0b2b9143e034b3517a10","application":"postman","type":"INFO","module":"clase_o_modulo_que_lo_genera","timestamp":"2024-04-26T02:02:19.652","summary":"Log de prueba","description":"Log generado desde la aplicacion postman para probar el correcto funcionamient"},{"id":"662b0b5d9143e034b3517a11","application":"userManagementApiRest","type":"INFO","module":"UseCase","timestamp":"2024-04-26T02:03:09","summary":"Autenticacion exitosa","description":"Usuario prueba1 ha generado el token de sesion de forma correcta"},{"id":"662b0bdd9143e034b3517a12","application":"userManagementApiRest","type":"INFO","module":"UseCase","timestamp":"2024-04-26T02:05:17","summary":"Autenticacion exitosa","description":"Usuario prueba1 ha generado el token de sesion de forma correcta"},{"id":"662b0d8f9143e034b3517a13","application":"acceptance-test","type":"INFO","module":"feature","timestamp":"2024-04-26T02:12:31.844","summary":"Log prueba","description":"Log generado desde las pruebas de aceptacion para comprobar su correcto funcionamiento"},{"id":"662b0d909143e034b3517a14","application":"userManagementApiRest","type":"INFO","module":"UseCase","timestamp":"2024-04-26T02:12:32","summary":"Autenticacion exitosa","description":"Usuario prueba1 ha generado el token de sesion de forma correcta"},{"id":"662b0d909143e034b3517a15","application":"userManagementApiRest","type":"INFO","module":"UseCase","timestamp":"2024-04-26T02:12:32","summary":"Autenticacion exitosa","description":"Usuario prueba1 ha generado el token de sesion de forma correcta"},{"id":"662b0d909143e034b3517a16","application":"userManagementApiRest","type":"ERROR","module":"UseCase","timestamp":"2024-04-26T02:12:32","summary":"Autenticacion Fallida","description":"Not found user"},{"id":"662b0d909143e034b3517a17","application":"userManagementApiRest","type":"ERROR","module":"UseCase","timestamp":"2024-04-26T02:12:32","summary":"Autenticacion Fallida","description":"Unauthorized: Incorrect password"},{"id":"662b0d909143e034b3517a18","application":"userManagementApiRest","type":"INFO","module":"UseCase","timestamp":"2024-04-26T02:12:32","summary":"Autenticacion exitosa","description":"Usuario prueba1 ha generado el token de sesion de forma correcta"},{"id":"662b0d9c9143e034b3517a19","application":"acceptance-test","type":"INFO","module":"feature","timestamp":"2024-04-26T02:12:44.535","summary":"Log prueba","description":"Log generado desde las pruebas de aceptacion para comprobar su correcto funcionamiento"},{"id":"662b0d9d9143e034b3517a1a","application":"userManagementApiRest","type":"INFO","module":"UseCase","timestamp":"2024-04-26T02:12:45","summary":"Autenticacion exitosa","description":"Usuario prueba1 ha generado el token de sesion de forma correcta"},{"id":"662b0d9d9143e034b3517a1b","application":"userManagementApiRest","type":"INFO","module":"UseCase","timestamp":"2024-04-26T02:12:45","summary":"Autenticacion exitosa","description":"Usuario prueba1 ha generado el token de sesion de forma correcta"},{"id":"662b0d9d9143e034b3517a1c","application":"userManagementApiRest","type":"ERROR","module":"UseCase","timestamp":"2024-04-26T02:12:45","summary":"Autenticacion Fallida","description":"Not found user"},{"id":"662b0d9d9143e034b3517a1d","application":"userManagementApiRest","type":"ERROR","module":"UseCase","timestamp":"2024-04-26T02:12:45","summary":"Autenticacion Fallida","description":"Unauthorized: Incorrect password"},{"id":"662b0d9d9143e034b3517a1e","application":"userManagementApiRest","type":"INFO","module":"UseCase","timestamp":"2024-04-26T02:12:45","summary":"Autenticacion exitosa","description":"Usuario prueba1 ha generado el token de sesion de forma correcta"},{"id":"6631f64ef2de85287cbb853a","application":"userManagementApiRest","type":"INFO","module":"UseCase","timestamp":"2024-05-01T07:59:10","summary":"Autenticacion exitosa","description":"Usuario prueba1 ha generado el token de sesion de forma correcta"},{"id":"663958ec09fad5644204f025","application":"userManagementApiRest","type":"INFO","module":"UseCase","timestamp":"2024-05-06T10:25:48","summary":"Autenticacion exitosa","description":"Usuario prueba1 ha generado el token de sesion de forma correcta"},{"id":"663958ec09fad5644204f026","application":"userManagementApiRest","type":"INFO","module":"UseCase","timestamp":"2024-05-06T10:25:48","summary":"Autenticacion exitosa","description":"Usuario prueba1 ha generado el token de sesion de forma correcta"},{"id":"663958ff09fad5644204f027","application":"userManagementApiRest","type":"ERROR","module":"UseCase","timestamp":"2024-05-06T10:26:07","summary":"Autenticacion Fallida","description":"Not found user"},{"id":"663958ff09fad5644204f028","application":"userManagementApiRest","type":"ERROR","module":"UseCase","timestamp":"2024-05-06T10:26:07","summary":"Autenticacion Fallida","description":"Unauthorized: Incorrect password"},{"id":"663958ff09fad5644204f029","application":"userManagementApiRest","type":"INFO","module":"UseCase","timestamp":"2024-05-06T10:26:07","summary":"Autenticacion exitosa","description":"Usuario prueba1 ha generado el token de sesion de forma correcta"},{"id":"6639593c09fad5644204f02b","application":"userManagementApiRest","type":"INFO","module":"UseCase","timestamp":"2024-05-06T10:27:08","summary":"Autenticacion exitosa","description":"Usuario prueba1 ha generado el token de sesion de forma correcta"},{"id":"6639593c09fad5644204f02c","application":"userManagementApiRest","type":"INFO","module":"UseCase","timestamp":"2024-05-06T10:27:08","summary":"Autenticacion exitosa","description":"Usuario prueba1 ha generado el token de sesion de forma correcta"},{"id":"6639595109fad5644204f02d","application":"userManagementApiRest","type":"ERROR","module":"UseCase","timestamp":"2024-05-06T10:27:29","summary":"Autenticacion Fallida","description":"Not found user"},{"id":"6639595109fad5644204f02e","application":"userManagementApiRest","type":"ERROR","module":"UseCase","timestamp":"2024-05-06T10:27:29","summary":"Autenticacion Fallida","description":"Unauthorized: Incorrect password"},{"id":"6639595109fad5644204f02f","application":"userManagementApiRest","type":"INFO","module":"UseCase","timestamp":"2024-05-06T10:27:29","summary":"Autenticacion exitosa","description":"Usuario prueba1 ha generado el token de sesion de forma correcta"},{"id":"6639597409fad5644204f031","application":"userManagementApiRest","type":"INFO","module":"UseCase","timestamp":"2024-05-06T10:28:04","summary":"Autenticacion exitosa","description":"Usuario prueba1 ha generado el token de sesion de forma correcta"},{"id":"6639597409fad5644204f032","application":"userManagementApiRest","type":"INFO","module":"UseCase","timestamp":"2024-05-06T10:28:04","summary":"Autenticacion exitosa","description":"Usuario prueba1 ha generado el token de sesion de forma correcta"},{"id":"6639598809fad5644204f033","application":"userManagementApiRest","type":"ERROR","module":"UseCase","timestamp":"2024-05-06T10:28:24","summary":"Autenticacion Fallida","description":"Not found user"},{"id":"6639598809fad5644204f034","application":"userManagementApiRest","type":"ERROR","module":"UseCase","timestamp":"2024-05-06T10:28:24","summary":"Autenticacion Fallida","description":"Unauthorized: Incorrect password"},{"id":"6639598909fad5644204f035","application":"userManagementApiRest","type":"INFO","module":"UseCase","timestamp":"2024-05-06T10:28:25","summary":"Autenticacion exitosa","description":"Usuario prueba1 ha generado el token de sesion de forma correcta"},{"id":"663959d509fad5644204f037","application":"userManagementApiRest","type":"INFO","module":"UseCase","timestamp":"2024-05-06T10:29:41","summary":"Autenticacion exitosa","description":"Usuario prueba1 ha generado el token de sesion de forma correcta"},{"id":"663959d509fad5644204f038","application":"userManagementApiRest","type":"INFO","module":"UseCase","timestamp":"2024-05-06T10:29:41","summary":"Autenticacion exitosa","description":"Usuario prueba1 ha generado el token de sesion de forma correcta"},{"id":"663959e809fad5644204f039","application":"userManagementApiRest","type":"ERROR","module":"UseCase","timestamp":"2024-05-06T10:30:00","summary":"Autenticacion Fallida","description":"Not found user"},{"id":"663959e809fad5644204f03a","application":"userManagementApiRest","type":"ERROR","module":"UseCase","timestamp":"2024-05-06T10:30:00","summary":"Autenticacion Fallida","description":"Unauthorized: Incorrect password"},{"id":"663959e809fad5644204f03b","application":"userManagementApiRest","type":"INFO","module":"UseCase","timestamp":"2024-05-06T10:30:00","summary":"Autenticacion exitosa","description":"Usuario prueba1 ha generado el token de sesion de forma correcta"},{"id":"66395a0609fad5644204f03d","application":"userManagementApiRest","type":"INFO","module":"UseCase","timestamp":"2024-05-06T10:30:30","summary":"Autenticacion exitosa","description":"Usuario prueba1 ha generado el token de sesion de forma correcta"},{"id":"66395a0609fad5644204f03e","application":"userManagementApiRest","type":"INFO","module":"UseCase","timestamp":"2024-05-06T10:30:30","summary":"Autenticacion exitosa","description":"Usuario prueba1 ha generado el token de sesion de forma correcta"},{"id":"66395a1809fad5644204f03f","application":"userManagementApiRest","type":"ERROR","module":"UseCase","timestamp":"2024-05-06T10:30:48","summary":"Autenticacion Fallida","description":"Not found user"},{"id":"66395a1809fad5644204f040","application":"userManagementApiRest","type":"ERROR","module":"UseCase","timestamp":"2024-05-06T10:30:48","summary":"Autenticacion Fallida","description":"Unauthorized: Incorrect password"},{"id":"66395a1809fad5644204f041","application":"userManagementApiRest","type":"INFO","module":"UseCase","timestamp":"2024-05-06T10:30:48","summary":"Autenticacion exitosa","description":"Usuario prueba1 ha generado el token de sesion de forma correcta"},{"id":"66395a7609fad5644204f043","application":"userManagementApiRest","type":"INFO","module":"UseCase","timestamp":"2024-05-06T10:32:22","summary":"Autenticacion exitosa","description":"Usuario prueba1 ha generado el token de sesion de forma correcta"},{"id":"66395a7609fad5644204f044","application":"userManagementApiRest","type":"INFO","module":"UseCase","timestamp":"2024-05-06T10:32:22","summary":"Autenticacion exitosa","description":"Usuario prueba1 ha generado el token de sesion de forma correcta"},{"id":"66395a7609fad5644204f045","application":"userManagementApiRest","type":"ERROR","module":"UseCase","timestamp":"2024-05-06T10:32:22","summary":"Autenticacion Fallida","description":"Not found user"},{"id":"66395a7609fad5644204f046","application":"userManagementApiRest","type":"ERROR","module":"UseCase","timestamp":"2024-05-06T10:32:22","summary":"Autenticacion Fallida","description":"Unauthorized: Incorrect password"},{"id":"66395a7609fad5644204f047","application":"userManagementApiRest","type":"INFO","module":"UseCase","timestamp":"2024-05-06T10:32:22","summary":"Autenticacion exitosa","description":"Usuario prueba1 ha generado el token de sesion de forma correcta"},{"id":"66395b0909fad5644204f049","application":"userManagementApiRest","type":"INFO","module":"UseCase","timestamp":"2024-05-06T10:34:49","summary":"Autenticacion exitosa","description":"Usuario prueba1 ha generado el token de sesion de forma correcta"},{"id":"66395b0909fad5644204f04a","application":"userManagementApiRest","type":"INFO","module":"UseCase","timestamp":"2024-05-06T10:34:49","summary":"Autenticacion exitosa","description":"Usuario prueba1 ha generado el token de sesion de forma correcta"},{"id":"66395b0909fad5644204f04b","application":"userManagementApiRest","type":"ERROR","module":"UseCase","timestamp":"2024-05-06T10:34:49","summary":"Autenticacion Fallida","description":"Not found user"},{"id":"66395b0a09fad5644204f04c","application":"userManagementApiRest","type":"ERROR","module":"UseCase","timestamp":"2024-05-06T10:34:50","summary":"Autenticacion Fallida","description":"Unauthorized: Incorrect password"},{"id":"66395b0a09fad5644204f04d","application":"userManagementApiRest","type":"INFO","module":"UseCase","timestamp":"2024-05-06T10:34:50","summary":"Autenticacion exitosa","description":"Usuario prueba1 ha generado el token de sesion de forma correcta"},{"id":"66395b1709fad5644204f04f","application":"userManagementApiRest","type":"INFO","module":"UseCase","timestamp":"2024-05-06T10:35:03","summary":"Autenticacion exitosa","description":"Usuario prueba1 ha generado el token de sesion de forma correcta"},{"id":"66395b1709fad5644204f050","application":"userManagementApiRest","type":"INFO","module":"UseCase","timestamp":"2024-05-06T10:35:03","summary":"Autenticacion exitosa","description":"Usuario prueba1 ha generado el token de sesion de forma correcta"},{"id":"66395b1709fad5644204f051","application":"userManagementApiRest","type":"ERROR","module":"UseCase","timestamp":"2024-05-06T10:35:03","summary":"Autenticacion Fallida","description":"Not found user"},{"id":"66395b1709fad5644204f052","application":"userManagementApiRest","type":"ERROR","module":"UseCase","timestamp":"2024-05-06T10:35:03","summary":"Autenticacion Fallida","description":"Unauthorized: Incorrect password"},{"id":"66395b1709fad5644204f053","application":"userManagementApiRest","type":"INFO","module":"UseCase","timestamp":"2024-05-06T10:35:03","summary":"Autenticacion exitosa","description":"Usuario prueba1 ha generado el token de sesion de forma correcta"},{"id":"66395c6309fad5644204f055","application":"userManagementApiRest","type":"INFO","module":"UseCase","timestamp":"2024-05-06T10:40:35","summary":"Autenticacion exitosa","description":"Usuario prueba1 ha generado el token de sesion de forma correcta"},{"id":"66395c6309fad5644204f056","application":"userManagementApiRest","type":"INFO","module":"UseCase","timestamp":"2024-05-06T10:40:35","summary":"Autenticacion exitosa","description":"Usuario prueba1 ha generado el token de sesion de forma correcta"},{"id":"66395c6309fad5644204f057","application":"userManagementApiRest","type":"ERROR","module":"UseCase","timestamp":"2024-05-06T10:40:35","summary":"Autenticacion Fallida","description":"Not found user"},{"id":"66395c6309fad5644204f058","application":"userManagementApiRest","type":"ERROR","module":"UseCase","timestamp":"2024-05-06T10:40:35","summary":"Autenticacion Fallida","description":"Unauthorized: Incorrect password"},{"id":"66395c6409fad5644204f059","application":"userManagementApiRest","type":"INFO","module":"UseCase","timestamp":"2024-05-06T10:40:36","summary":"Autenticacion exitosa","description":"Usuario prueba1 ha generado el token de sesion de forma correcta"},{"id":"66395c7f09fad5644204f05b","application":"userManagementApiRest","type":"INFO","module":"UseCase","timestamp":"2024-05-06T10:41:03","summary":"Autenticacion exitosa","description":"Usuario prueba1 ha generado el token de sesion de forma correcta"},{"id":"66395c7f09fad5644204f05c","application":"userManagementApiRest","type":"INFO","module":"UseCase","timestamp":"2024-05-06T10:41:03","summary":"Autenticacion exitosa","description":"Usuario prueba1 ha generado el token de sesion de forma correcta"},{"id":"66395c7f09fad5644204f05d","application":"userManagementApiRest","type":"ERROR","module":"UseCase","timestamp":"2024-05-06T10:41:03","summary":"Autenticacion Fallida","description":"Not found user"},{"id":"66395c7f09fad5644204f05e","application":"userManagementApiRest","type":"ERROR","module":"UseCase","timestamp":"2024-05-06T10:41:03","summary":"Autenticacion Fallida","description":"Unauthorized: Incorrect password"},{"id":"66395c7f09fad5644204f05f","application":"userManagementApiRest","type":"INFO","module":"UseCase","timestamp":"2024-05-06T10:41:03","summary":"Autenticacion exitosa","description":"Usuario prueba1 ha generado el token de sesion de forma correcta"},{"id":"66395ddc09fad5644204f061","application":"userManagementApiRest","type":"INFO","module":"UseCase","timestamp":"2024-05-06T10:46:51","summary":"Autenticacion exitosa","description":"Usuario prueba1 ha generado el token de sesion de forma correcta"},{"id":"66395ddc09fad5644204f062","application":"userManagementApiRest","type":"INFO","module":"UseCase","timestamp":"2024-05-06T10:46:52","summary":"Autenticacion exitosa","description":"Usuario prueba1 ha generado el token de sesion de forma correcta"},{"id":"66395ddc09fad5644204f063","application":"userManagementApiRest","type":"ERROR","module":"UseCase","timestamp":"2024-05-06T10:46:52","summary":"Autenticacion Fallida","description":"Not found user"},{"id":"66395ddc09fad5644204f064","application":"userManagementApiRest","type":"ERROR","module":"UseCase","timestamp":"2024-05-06T10:46:52","summary":"Autenticacion Fallida","description":"Unauthorized: Incorrect password"},{"id":"66395ddc09fad5644204f065","application":"userManagementApiRest","type":"INFO","module":"UseCase","timestamp":"2024-05-06T10:46:52","summary":"Autenticacion exitosa","description":"Usuario prueba1 ha generado el token de sesion de forma correcta"},{"id":"66395e0209fad5644204f067","application":"userManagementApiRest","type":"INFO","module":"UseCase","timestamp":"2024-05-06T10:47:30","summary":"Autenticacion exitosa","description":"Usuario prueba1 ha generado el token de sesion de forma correcta"},{"id":"66395e0209fad5644204f068","application":"userManagementApiRest","type":"INFO","module":"UseCase","timestamp":"2024-05-06T10:47:30","summary":"Autenticacion exitosa","description":"Usuario prueba1 ha generado el token de sesion de forma correcta"},{"id":"66395e0209fad5644204f069","application":"userManagementApiRest","type":"ERROR","module":"UseCase","timestamp":"2024-05-06T10:47:30","summary":"Autenticacion Fallida","description":"Not found user"},{"id":"66395e0209fad5644204f06a","application":"userManagementApiRest","type":"ERROR","module":"UseCase","timestamp":"2024-05-06T10:47:30","summary":"Autenticacion Fallida","description":"Unauthorized: Incorrect password"},{"id":"66395e0209fad5644204f06b","application":"userManagementApiRest","type":"INFO","module":"UseCase","timestamp":"2024-05-06T10:47:30","summary":"Autenticacion exitosa","description":"Usuario prueba1 ha generado el token de sesion de forma correcta"},{"id":"66395e7509fad5644204f06d","application":"userManagementApiRest","type":"INFO","module":"UseCase","timestamp":"2024-05-06T10:49:25","summary":"Autenticacion exitosa","description":"Usuario prueba1 ha generado el token de sesion de forma correcta"},{"id":"66395e7509fad5644204f06e","application":"userManagementApiRest","type":"INFO","module":"UseCase","timestamp":"2024-05-06T10:49:25","summary":"Autenticacion exitosa","description":"Usuario prueba1 ha generado el token de sesion de forma correcta"},{"id":"66395e7509fad5644204f06f","application":"userManagementApiRest","type":"ERROR","module":"UseCase","timestamp":"2024-05-06T10:49:25","summary":"Autenticacion Fallida","description":"Not found user"},{"id":"66395e7509fad5644204f070","application":"userManagementApiRest","type":"ERROR","module":"UseCase","timestamp":"2024-05-06T10:49:25","summary":"Autenticacion Fallida","description":"Unauthorized: Incorrect password"},{"id":"66395e7509fad5644204f071","application":"userManagementApiRest","type":"INFO","module":"UseCase","timestamp":"2024-05-06T10:49:25","summary":"Autenticacion exitosa","description":"Usuario prueba1 ha generado el token de sesion de forma correcta"},{"id":"66395eaa09fad5644204f073","application":"userManagementApiRest","type":"INFO","module":"UseCase","timestamp":"2024-05-06T10:50:18","summary":"Autenticacion exitosa","description":"Usuario prueba1 ha generado el token de sesion de forma correcta"},{"id":"66395eaa09fad5644204f074","application":"userManagementApiRest","type":"INFO","module":"UseCase","timestamp":"2024-05-06T10:50:18","summary":"Autenticacion exitosa","description":"Usuario prueba1 ha generado el token de sesion de forma correcta"},{"id":"66395eaa09fad5644204f075","application":"userManagementApiRest","type":"ERROR","module":"UseCase","timestamp":"2024-05-06T10:50:18","summary":"Autenticacion Fallida","description":"Not found user"},{"id":"66395eaa09fad5644204f076","application":"userManagementApiRest","type":"ERROR","module":"UseCase","timestamp":"2024-05-06T10:50:18","summary":"Autenticacion Fallida","description":"Unauthorized: Incorrect password"},{"id":"66395eaa09fad5644204f077","application":"userManagementApiRest","type":"INFO","module":"UseCase","timestamp":"2024-05-06T10:50:18","summary":"Autenticacion exitosa","description":"Usuario prueba1 ha generado el token de sesion de forma correcta"},{"id":"663958eb09fad5644204f024","application":"acceptance-test","type":"INFO","module":"feature","timestamp":"2024-05-06T22:25:47.211","summary":"Log prueba","description":"Log generado desde las pruebas de aceptacion para comprobar su correcto funcionamiento"},{"id":"6639593b09fad5644204f02a","application":"acceptance-test","type":"INFO","module":"feature","timestamp":"2024-05-06T22:27:07.834","summary":"Log prueba","description":"Log generado desde las pruebas de aceptacion para comprobar su correcto funcionamiento"},{"id":"6639597409fad5644204f030","application":"acceptance-test","type":"INFO","module":"feature","timestamp":"2024-05-06T22:28:04.065","summary":"Log prueba","description":"Log generado desde las pruebas de aceptacion para comprobar su correcto funcionamiento"},{"id":"663959d509fad5644204f036","application":"acceptance-test","type":"INFO","module":"feature","timestamp":"2024-05-06T22:29:41.291","summary":"Log prueba","description":"Log generado desde las pruebas de aceptacion para comprobar su correcto funcionamiento"},{"id":"66395a0509fad5644204f03c","application":"acceptance-test","type":"INFO","module":"feature","timestamp":"2024-05-06T22:30:29.92","summary":"Log prueba","description":"Log generado desde las pruebas de aceptacion para comprobar su correcto funcionamiento"},{"id":"66395a7509fad5644204f042","application":"acceptance-test","type":"INFO","module":"feature","timestamp":"2024-05-06T22:32:21.783","summary":"Log prueba","description":"Log generado desde las pruebas de aceptacion para comprobar su correcto funcionamiento"},{"id":"66395b0909fad5644204f048","application":"acceptance-test","type":"INFO","module":"feature","timestamp":"2024-05-06T22:34:49.534","summary":"Log prueba","description":"Log generado desde las pruebas de aceptacion para comprobar su correcto funcionamiento"},{"id":"66395b1609fad5644204f04e","application":"acceptance-test","type":"INFO","module":"feature","timestamp":"2024-05-06T22:35:02.794","summary":"Log prueba","description":"Log generado desde las pruebas de aceptacion para comprobar su correcto funcionamiento"},{"id":"66395c6309fad5644204f054","application":"acceptance-test","type":"INFO","module":"feature","timestamp":"2024-05-06T22:40:35.564","summary":"Log prueba","description":"Log generado desde las pruebas de aceptacion para comprobar su correcto funcionamiento"},{"id":"66395c7f09fad5644204f05a","application":"acceptance-test","type":"INFO","module":"feature","timestamp":"2024-05-06T22:41:03.263","summary":"Log prueba","description":"Log generado desde las pruebas de aceptacion para comprobar su correcto funcionamiento"},{"id":"66395ddb09fad5644204f060","application":"acceptance-test","type":"INFO","module":"feature","timestamp":"2024-05-06T22:46:51.614","summary":"Log prueba","description":"Log generado desde las pruebas de aceptacion para comprobar su correcto funcionamiento"},{"id":"66395e0209fad5644204f066","application":"acceptance-test","type":"INFO","module":"feature","timestamp":"2024-05-06T22:47:30.029","summary":"Log prueba","description":"Log generado desde las pruebas de aceptacion para comprobar su correcto funcionamiento"},{"id":"66395e7509fad5644204f06c","application":"acceptance-test","type":"INFO","module":"feature","timestamp":"2024-05-06T22:49:25.051","summary":"Log prueba","description":"Log generado desde las pruebas de aceptacion para comprobar su correcto funcionamiento"},{"id":"66395eaa09fad5644204f072","application":"acceptance-test","type":"INFO","module":"feature","timestamp":"2024-05-06T22:50:18.504","summary":"Log prueba","description":"Log generado desde las pruebas de aceptacion para comprobar su correcto funcionamiento"},{"id":"66395f0909fad5644204f078","application":"acceptance-test","type":"INFO","module":"feature","timestamp":"2024-05-06T22:51:53.799","summary":"Log prueba","description":"Log generado desde las pruebas de aceptacion para comprobar su correcto funcionamiento"}]

17:51:53.907 [Test worker] DEBUG com.intuit.karate - request:
1 > GET http://localhost:8070/api/v1/logs/acceptance-test
1 > Host: localhost:8070
1 > Connection: Keep-Alive
1 > User-Agent: Apache-HttpClient/4.5.13 (Java/17.0.9)
1 > Accept-Encoding: gzip,deflate


17:51:53.919 [Test worker] DEBUG com.intuit.karate - response time in milliseconds: 10
1 < 200
1 < Content-Type: application/json
1 < Content-Length: 10517
[{"id":"662aa0919143e034b3517979","application":"acceptance-test","type":"INFO","module":"feature","timestamp":"2024-04-25T18:27:29.908","summary":"Log prueba","description":"Log generado desde las pruebas de aceptacion para comprobar su correcto funcionamiento"},{"id":"662aa15b9143e034b351797e","application":"acceptance-test","type":"INFO","module":"feature","timestamp":"2024-04-25T18:30:51.15","summary":"Log prueba","description":"Log generado desde las pruebas de aceptacion para comprobar su correcto funcionamiento"},{"id":"662aa2139143e034b3517983","application":"acceptance-test","type":"INFO","module":"feature","timestamp":"2024-04-25T18:33:55.021","summary":"Log prueba","description":"Log generado desde las pruebas de aceptacion para comprobar su correcto funcionamiento"},{"id":"662aa2509143e034b3517988","application":"acceptance-test","type":"INFO","module":"feature","timestamp":"2024-04-25T18:34:56.619","summary":"Log prueba","description":"Log generado desde las pruebas de aceptacion para comprobar su correcto funcionamiento"},{"id":"662aa3129143e034b351798d","application":"acceptance-test","type":"INFO","module":"feature","timestamp":"2024-04-25T18:38:10.388","summary":"Log prueba","description":"Log generado desde las pruebas de aceptacion para comprobar su correcto funcionamiento"},{"id":"662aa3c59143e034b3517992","application":"acceptance-test","type":"INFO","module":"feature","timestamp":"2024-04-25T18:41:09.512","summary":"Log prueba","description":"Log generado desde las pruebas de aceptacion para comprobar su correcto funcionamiento"},{"id":"662aa61c9143e034b3517997","application":"acceptance-test","type":"INFO","module":"feature","timestamp":"2024-04-25T18:51:08.887","summary":"Log prueba","description":"Log generado desde las pruebas de aceptacion para comprobar su correcto funcionamiento"},{"id":"662aa6839143e034b351799d","application":"acceptance-test","type":"INFO","module":"feature","timestamp":"2024-04-25T18:52:51.174","summary":"Log prueba","description":"Log generado desde las pruebas de aceptacion para comprobar su correcto funcionamiento"},{"id":"662aa6dc9143e034b35179a3","application":"acceptance-test","type":"INFO","module":"feature","timestamp":"2024-04-25T18:54:20.816","summary":"Log prueba","description":"Log generado desde las pruebas de aceptacion para comprobar su correcto funcionamiento"},{"id":"662aa71a9143e034b35179a9","application":"acceptance-test","type":"INFO","module":"feature","timestamp":"2024-04-25T18:55:22.196","summary":"Log prueba","description":"Log generado desde las pruebas de aceptacion para comprobar su correcto funcionamiento"},{"id":"662aa79b9143e034b35179af","application":"acceptance-test","type":"INFO","module":"feature","timestamp":"2024-04-25T18:57:31.916","summary":"Log prueba","description":"Log generado desde las pruebas de aceptacion para comprobar su correcto funcionamiento"},{"id":"662aa7e39143e034b35179b5","application":"acceptance-test","type":"INFO","module":"feature","timestamp":"2024-04-25T18:58:43.873","summary":"Log prueba","description":"Log generado desde las pruebas de aceptacion para comprobar su correcto funcionamiento"},{"id":"662aa8319143e034b35179bb","application":"acceptance-test","type":"INFO","module":"feature","timestamp":"2024-04-25T19:00:01.175","summary":"Log prueba","description":"Log generado desde las pruebas de aceptacion para comprobar su correcto funcionamiento"},{"id":"662aa8a89143e034b35179c1","application":"acceptance-test","type":"INFO","module":"feature","timestamp":"2024-04-25T19:02:00.793","summary":"Log prueba","description":"Log generado desde las pruebas de aceptacion para comprobar su correcto funcionamiento"},{"id":"662aa8b69143e034b35179c7","application":"acceptance-test","type":"INFO","module":"feature","timestamp":"2024-04-25T19:02:14.437","summary":"Log prueba","description":"Log generado desde las pruebas de aceptacion para comprobar su correcto funcionamiento"},{"id":"662aa8ec9143e034b35179cd","application":"acceptance-test","type":"INFO","module":"feature","timestamp":"2024-04-25T19:03:08.331","summary":"Log prueba","description":"Log generado desde las pruebas de aceptacion para comprobar su correcto funcionamiento"},{"id":"662aa9289143e034b35179d3","application":"acceptance-test","type":"INFO","module":"feature","timestamp":"2024-04-25T19:04:08.19","summary":"Log prueba","description":"Log generado desde las pruebas de aceptacion para comprobar su correcto funcionamiento"},{"id":"662aaa719143e034b35179d9","application":"acceptance-test","type":"INFO","module":"feature","timestamp":"2024-04-25T19:09:37.352","summary":"Log prueba","description":"Log generado desde las pruebas de aceptacion para comprobar su correcto funcionamiento"},{"id":"662aaa989143e034b35179df","application":"acceptance-test","type":"INFO","module":"feature","timestamp":"2024-04-25T19:10:16.235","summary":"Log prueba","description":"Log generado desde las pruebas de aceptacion para comprobar su correcto funcionamiento"},{"id":"662aaaaf9143e034b35179e5","application":"acceptance-test","type":"INFO","module":"feature","timestamp":"2024-04-25T19:10:39.741","summary":"Log prueba","description":"Log generado desde las pruebas de aceptacion para comprobar su correcto funcionamiento"},{"id":"662aaac49143e034b35179eb","application":"acceptance-test","type":"INFO","module":"feature","timestamp":"2024-04-25T19:11:00.41","summary":"Log prueba","description":"Log generado desde las pruebas de aceptacion para comprobar su correcto funcionamiento"},{"id":"662aaaec9143e034b35179f1","application":"acceptance-test","type":"INFO","module":"feature","timestamp":"2024-04-25T19:11:40.497","summary":"Log prueba","description":"Log generado desde las pruebas de aceptacion para comprobar su correcto funcionamiento"},{"id":"662aaed59143e034b3517a06","application":"acceptance-test","type":"INFO","module":"feature","timestamp":"2024-04-25T19:28:21.701","summary":"Log prueba","description":"Log generado desde las pruebas de aceptacion para comprobar su correcto funcionamiento"},{"id":"662b0d8f9143e034b3517a13","application":"acceptance-test","type":"INFO","module":"feature","timestamp":"2024-04-26T02:12:31.844","summary":"Log prueba","description":"Log generado desde las pruebas de aceptacion para comprobar su correct
[...]

17:51:54.160 [Test worker] DEBUG com.intuit.karate - request:
2 > GET http://localhost:8070/api/v1/logs/userManagementApiRest
2 > min-date: 2024-05-06T10:51:54.1575555
2 > Host: localhost:8070
2 > Connection: Keep-Alive
2 > User-Agent: Apache-HttpClient/4.5.13 (Java/17.0.9)
2 > Accept-Encoding: gzip,deflate


17:51:54.169 [Test worker] DEBUG com.intuit.karate - response time in milliseconds: 9
2 < 200
2 < Content-Type: application/json
2 < Content-Length: 2
[]

17:51:54.181 [Test worker] DEBUG com.intuit.karate - request:
1 > POST http://localhost:8090/api/v1/users/login
1 > Content-Type: application/json; charset=UTF-8
1 > Content-Length: 58
1 > Host: localhost:8090
1 > Connection: Keep-Alive
1 > User-Agent: Apache-HttpClient/4.5.13 (Java/17.0.9)
1 > Accept-Encoding: gzip,deflate
{"login":{"username":"prueba1222","password":"123456789"}}

17:51:54.190 [Test worker] DEBUG com.intuit.karate - response time in milliseconds: 9
1 < 404
1 < Content-Type: application/json
1 < Content-Length: 87
{"errors":[{"httpStatus":404,"domain":"POST:/users/login","message":"Not found user"}]}

17:51:54.201 [Test worker] DEBUG com.intuit.karate - request:
1 > POST http://localhost:8090/api/v1/users/login
1 > Content-Type: application/json; charset=UTF-8
1 > Content-Length: 59
1 > Host: localhost:8090
1 > Connection: Keep-Alive
1 > User-Agent: Apache-HttpClient/4.5.13 (Java/17.0.9)
1 > Accept-Encoding: gzip,deflate
{"login":{"username":"prueba1","password":"1234567891111"}}

17:51:54.212 [Test worker] DEBUG com.intuit.karate - response time in milliseconds: 11
1 < 401
1 < Content-Type: application/json
1 < Content-Length: 105
{"errors":[{"httpStatus":401,"domain":"POST:/users/login","message":"Unauthorized: Incorrect password"}]}

17:51:54.224 [Test worker] DEBUG com.intuit.karate - request:
1 > GET http://localhost:8090/api/v1/users
1 > Host: localhost:8090
1 > Connection: Keep-Alive
1 > User-Agent: Apache-HttpClient/4.5.13 (Java/17.0.9)
1 > Accept-Encoding: gzip,deflate


17:51:54.233 [Test worker] DEBUG com.intuit.karate - response time in milliseconds: 9
1 < 200
1 < Content-Type: application/json
1 < Content-Length: 7049
{"users":[{"id":"65f3947bb3c3d10286754f5a","username":"prueba7","password":"123456","email":"prueba7@prueba.com"},{"id":"660b711e8306ec2895e3b3c4","username":"prueba1","password":"123456789","email":"prueba1@prueba.com"},{"id":"660b71278306ec2895e3b3c5","username":"prueba2","password":"123456","email":"prueba2@prueba.com"},{"id":"660b712e8306ec2895e3b3c6","username":"prueba3","password":"123456","email":"prueba3@prueba.com"},{"id":"660b71348306ec2895e3b3c7","username":"prueba4","password":"123456","email":"prueba4@prueba.com"},{"id":"660b713d8306ec2895e3b3c8","username":"prueba5","password":"123456","email":"prueba5@prueba.com"},{"id":"660ee1696657865341baf8f5","username":"saul.keeblery3","password":"hvsdxbcjlx","email":"saul.keebler@gmail.com"},{"id":"660ee5886657865341baf8f8","username":"jeffie.powlowskizw","password":"4k0evv1xe1","email":"jeffie.powlowski@gmail.com"},{"id":"660ee5f06657865341baf8fa","username":"hyo.bartolettipl","password":"9edaqyzxxo","email":"hyo.bartoletti@gmail.com"},{"id":"660ee6406657865341baf8fc","username":"dario.morarfl","password":"g11j7mewg5","email":"dario.morar@gmail.com"},{"id":"660ee6ee6657865341baf8ff","username":"thaddeus.gleasonnd","password":"8oduhinkdr","email":"thaddeus.gleason@gmail.com"},{"id":"660f625eb26ae66d0e73d5dc","username":"fidela.hessel5q","password":"g383t70bmk","email":"fidela.hessel@gmail.com"},{"id":"660f62c0b26ae66d0e73d5de","username":"deetta.weissnattb","password":"5lo6thk5fj","email":"deetta.weissnat@gmail.com"},{"id":"6627382511d9a22bfb9f1a06","username":"mose.johnszz","password":"hwvxlm6s79","email":"mose.johns@gmail.com"},{"id":"6627383111d9a22bfb9f1a08","username":"art.fritschw7","password":"qhxlasqw4i","email":"art.fritsch@gmail.com"},{"id":"662a9fc5bbdb361bc6f6be5c","username":"bula.parkers4","password":"1t750nkt1f","email":"bula.parker@gmail.com"},{"id":"662aa079bbdb361bc6f6be5e","username":"zona.kuhicgi","password":"qdp9yxgbuz","email":"zona.kuhic@gmail.com"},{"id":"662aa092bbdb361bc6f6be60","username":"eleonora.kris66","password":"4mclfwr361","email":"eleonora.kris@gmail.com"},{"id":"662aa15cbbdb361bc6f6be62","username":"elmo.langyt","password":"izfdz6sudy","email":"elmo.lang@gmail.com"},{"id":"662aa213bbdb361bc6f6be64","username":"hilton.reingerzd","password":"8si2at7for","email":"hilton.reinger@gmail.com"},{"id":"662aa251bbdb361bc6f6be66","username":"michel.croninsw","password":"fj1edb5v10","email":"michel.cronin@gmail.com"},{"id":"662aa313bbdb361bc6f6be68","username":"aja.mcdermott3m","password":"n36ifelg0i","email":"aja.mcdermott@gmail.com"},{"id":"662aa3c6bbdb361bc6f6be6a","username":"mauro.jacobigf","password":"leqngudkps","email":"mauro.jacobi@gmail.com"},{"id":"662aa61dbbdb361bc6f6be6c","username":"teddy.schmittnl","password":"ooet4yyi3w","email":"teddy.schmitt@gmail.com"},{"id":"662aa684bbdb361bc6f6be6e","username":"anton.tillman7l","password":"7r5if8ew18","email":"anton.tillman@gmail.com"},{"id":"662aa6ddbbdb361bc6f6be70","username":"alphonso.greenholtre","password":"23x73e1l16","email":"alphonso.greenholt@gmail.com"},{"id":"662aa71bbbdb361bc6f6be72","username":"roger.streich0k","password":"jw4u0zkck8","email":"roger.streich@gmail.com"},{"id":"662aa79dbbdb361bc6f6be74","username":"gonzalo.gloverqg","password":"sydd8ql63q","email":"gonzalo.glover@gmail.com"},{"id":"662aa7e4bbdb361bc6f6be76","username":"ervin.rueckersm","password":"xmjo55uqzc","email":"ervin.ruecker@gmail.com"},{"id":"662aa832bbdb361bc6f6be78","username":"parker.prosacco1n","password":"xlml74zbsr","email":"parker.prosacco@gmail.com"},{"id":"662aa8a9bbdb361bc6f6be7a","username":"nickolas.schimmelk3","password":"hlaf3gj0h5","email":"nickolas.schimmel@gmail.com"},{"id":"662aa8b7bbdb361bc6f6be7c","username":"frank.muraziklu","password":"l3v0fjx5tp","email":"frank.murazik@gmail.com"},{"id":"662aa8edbbdb361bc6f6be7e","username":"felton.casperk1","password":"o9vimyajer","email":"felton.casper@gmail.com"},{"id":"662aa929bbdb361bc6f6be80","username":"nada.macgyver98","password":"m5d59s2hnf","email":"nada.macgyver@gmail.com"},{"id":"662aaa72bbdb361bc6f6be82","username":"ilda.johnsz4","password":"ld9r0ht6n7","email":"ilda.johns@gmail.com"},{"id":"662aaa99bbdb361bc6f6be84","username":"jann.runtet1","password":"ae14ru3ckl","email":"jann.runte@gmail.com"},{"id":"662aaab0bbdb361bc6f6be86","username":"dion.oreillybp","password":"6p7i9fq1dd","email":"dion.oreilly@gmail.com"},{"id":"662aaac5bbdb361bc6f6be88","username":"wally.zboncakba","password":"usdajafvoj","email":"wally.zboncak@gmail.com"},{"id":"662aaaedbbdb361bc6f6be8a","username":"quinn.howem4","password":"lyreprspzf","email":"quinn.howe@gmail.com"},{"id":"662aad86bbdb361bc6f6be8c","username":"zonia.powlowskim9","password":"kyvu76vqd6","email":"zonia.powlowski@gmail.com"},{"id":"662aadc1bbdb361bc6f6be8e","username":"dong.schmelerwr","password":"p395xa05y6","email":"dong.schmeler@gmail.com"},{"id":"662aae02bbdb361bc6f6be90","username":"fernanda.oberbrunneri2","password":"rnalkyr647","email":"fernanda.oberbrunner@gmail.com"},{"id":"662aaed7bbdb361bc6f6be92","username":"herb.mcculloughiw","password":"ilfjnnbpbx","email":"herb.mccullough@gmail.com"},{"id":"662b0d90bbdb361bc6f6be94","username":"raymond.runolfssony1","password":"4uv32p9i1r","email":"raymond.runolfsson@gmail.com"},{"id":"662b0d9dbbdb361bc6f6be96","username":"maximina.jacobsqr","password":"jco0w3djny","email":"maximina.jacobs@gmail.com"},{"id":"663958ff2929ef0b74abbdd9","username":"misty.danielou","password":"4b6d2pmvkn","email":"misty.daniel@gmail.com"},{"id":"663959512929ef0b74abbddb","username":"kiera.schusterl2","password":"qzz3nehzti","email":"kiera.schuster@gmail.com"},{"id":"663959892929ef0b74abbddd","username":"ethan.boyerdx","password":"h7xq9x7bmq","email":"ethan.boyer@gmail.com"},{"id":"663959e82929ef0b74abbddf","username":"orlando.rauj0","password":"0u6h1epy5l","email":"orlando.rau@gmail.com"},{"id":"66395a182929ef0b74abbde1","username":"esteban.croninbf","password":"p12bla9mpj","email":"esteban.cronin@gmail.com"},{"id":"66395a762929ef0b74abbde3","username":"lona.langworthuy","password":"oskccqvh3n","email":"lona.langworth@gmail.com"},{"id":"66395b0a2929ef0b74abbde5","username":"chara.luettgeny9","password":"5ziaghi3ta","email":"chara.luettgen@gmail.com"},{"id":"66395b172929ef0b74abbde7","username":"claude.goodwinmn","password":"tsloml7t3u","email":"claude.goodwin@gmail.com"},{"id":"66395c642929ef0b74abbde9","username":"rich.kuhlmanmd","password":"67cxe1cxte","email":"rich.kuhlman@gmail.com"},{"id":"66395c7f2929ef0b74abbdeb","username":"tomas.lynchfc","password":"5louvkxe1d","email":"tomas.lynch@gmail.com"},{"id":"66395ddc2929ef0b74abbded","username":"lottie.wisokykm","password":"m8bq39lqig","email":"lottie.wisoky@gmail.com"},{"id":"66395e022929ef0b74abbdef","username":"donnie.haneu8","password":"l875c8wpz5","email":"donnie.hane@gmail.com"},{"id":"66395e752929ef0b74abbdf1","username":"ed.roobbq","password":"fhgtaqxere","email":"ed.roob@gmail.com"},{"id":"66395eab2929ef0b74abbdf3","username":"antony.funkna","password":"wwhmwno0oe","email":"antony.funk@gmail.com"}]}

17:51:54.248 [Test worker] DEBUG com.intuit.karate - request:
1 > POST http://localhost:8090/api/v1/users/login
1 > Content-Type: application/json; charset=UTF-8
1 > Content-Length: 55
1 > Host: localhost:8090
1 > Connection: Keep-Alive
1 > User-Agent: Apache-HttpClient/4.5.13 (Java/17.0.9)
1 > Accept-Encoding: gzip,deflate
{"login":{"username":"prueba1","password":"123456789"}}

17:51:54.258 [Test worker] DEBUG com.intuit.karate - response time in milliseconds: 9
1 < 200
1 < Content-Type: application/json
1 < Content-Length: 191
{"token":"eyJhbGciOiJIUzI1NiJ9.eyJzdWIiOiJwcnVlYmExIiwiaXNzIjoiaW5nZXNpcy51bmlxdWluZGlvLmVkdS5jbyIsImlhdCI6MTcxNTAzNTkxNCwiZXhwIjoxNzE1MDM1OTE3fQ.U8eapEtGritamoor6fRr0gCGHZAyedPbNv0J0JtEVS0"}

17:51:54.265 [Test worker] DEBUG com.intuit.karate - request:
2 > PUT http://localhost:8090/api/v1/users/password
2 > Authorization: eyJhbGciOiJIUzI1NiJ9.eyJzdWIiOiJwcnVlYmExIiwiaXNzIjoiaW5nZXNpcy51bmlxdWluZGlvLmVkdS5jbyIsImlhdCI6MTcxNTAzNTkxNCwiZXhwIjoxNzE1MDM1OTE3fQ.U8eapEtGritamoor6fRr0gCGHZAyedPbNv0J0JtEVS0
2 > Content-Type: application/json; charset=UTF-8
2 > Content-Length: 24
2 > Host: localhost:8090
2 > Connection: Keep-Alive
2 > User-Agent: Apache-HttpClient/4.5.13 (Java/17.0.9)
2 > Accept-Encoding: gzip,deflate
{"password":"123456789"}

17:51:54.277 [Test worker] DEBUG com.intuit.karate - response time in milliseconds: 12
2 < 200
2 < Content-Type: application/json
2 < Content-Length: 106
{"id":"660b711e8306ec2895e3b3c4","username":"prueba1","password":"123456789","email":"prueba1@prueba.com"}

17:51:54.286 [Test worker] DEBUG com.intuit.karate - request:
1 > PUT http://localhost:8090/api/v1/users/password
1 > Authorization: Bearer
1 > Content-Type: application/json; charset=UTF-8
1 > Content-Length: 24
1 > Host: localhost:8090
1 > Connection: Keep-Alive
1 > User-Agent: Apache-HttpClient/4.5.13 (Java/17.0.9)
1 > Accept-Encoding: gzip,deflate
{"password":"123456789"}

17:51:54.292 [Test worker] DEBUG com.intuit.karate - response time in milliseconds: 5
1 < 401
1 < Content-Type: application/json
1 < Content-Length: 90
{"errors":[{"httpStatus":401,"domain":"PUT:/users/password","message":"Token malformed"}]}

17:51:54.301 [Test worker] DEBUG com.intuit.karate - request:
1 > PUT http://localhost:8090/api/v1/users/password
1 > Authorization: eyJhbGciOiJIUzI1NiJ9.eyJzdWIiOiJwcnVlYmExIiwiaXNzIjoiaW5nZXNpcy51bmlxdWluZGlvLmVkdS5jbyIsImlhdCI6MTcxMjAzNjUyMSwiZXhwIjoxNzEyMDM2NTIyfQ.2Y-z7uC_P6Elpvv7hqzv76-xX-mSx3xMf_hlt2Csq68
1 > Content-Type: application/json; charset=UTF-8
1 > Content-Length: 24
1 > Host: localhost:8090
1 > Connection: Keep-Alive
1 > User-Agent: Apache-HttpClient/4.5.13 (Java/17.0.9)
1 > Accept-Encoding: gzip,deflate
{"password":"123456789"}

17:51:54.308 [Test worker] DEBUG com.intuit.karate - response time in milliseconds: 7
1 < 401
1 < Content-Type: application/json
1 < Content-Length: 88
{"errors":[{"httpStatus":401,"domain":"PUT:/users/password","message":"Expired token"}]}

17:51:54.404 [Test worker] DEBUG com.intuit.karate - request:
1 > POST http://localhost:8090/api/v1/users
1 > Content-Type: application/json; charset=UTF-8
1 > Content-Length: 101
1 > Host: localhost:8090
1 > Connection: Keep-Alive
1 > User-Agent: Apache-HttpClient/4.5.13 (Java/17.0.9)
1 > Accept-Encoding: gzip,deflate
{"user":{"username":"colin.romaguerap6","email":"colin.romaguera@gmail.com","password":"d93d4hvkiq"}}

17:51:54.412 [Test worker] DEBUG com.intuit.karate - response time in milliseconds: 7
1 < 201
1 < Content-Type: application/json
1 < Content-Length: 133
{"user":{"id":"66395f0a2929ef0b74abbdf5","username":"colin.romaguerap6","password":"d93d4hvkiq","email":"colin.romaguera@gmail.com"}}

17:51:54.425 [Test worker] DEBUG com.intuit.karate - request:
1 > POST http://localhost:8090/api/v1/users
1 > Content-Type: application/json; charset=UTF-8
1 > Content-Length: 63
1 > Host: localhost:8090
1 > Connection: Keep-Alive
1 > User-Agent: Apache-HttpClient/4.5.13 (Java/17.0.9)
1 > Accept-Encoding: gzip,deflate
{"user":{"password":"123456789","email":"prueba10@prueba.com"}}

17:51:54.430 [Test worker] DEBUG com.intuit.karate - response time in milliseconds: 5
1 < 400
1 < Content-Type: application/json
1 < Content-Length: 97
{"errors":[{"httpStatus":400,"domain":"POST:/users","message":"The username field is required"}]}

17:51:54.438 [Test worker] DEBUG com.intuit.karate - request:
1 > POST http://localhost:8090/api/v1/users
1 > Content-Type: application/json; charset=UTF-8
1 > Content-Length: 55
1 > Host: localhost:8090
1 > Connection: Keep-Alive
1 > User-Agent: Apache-HttpClient/4.5.13 (Java/17.0.9)
1 > Accept-Encoding: gzip,deflate
{"user":{"username":"prueba10","password":"123456789"}}

17:51:54.443 [Test worker] DEBUG com.intuit.karate - response time in milliseconds: 5
1 < 400
1 < Content-Type: application/json
1 < Content-Length: 94
{"errors":[{"httpStatus":400,"domain":"POST:/users","message":"The email field is required"}]}

17:51:54.449 [Test worker] DEBUG com.intuit.karate - request:
1 > POST http://localhost:8090/api/v1/users
1 > Content-Type: application/json; charset=UTF-8
1 > Content-Length: 62
1 > Host: localhost:8090
1 > Connection: Keep-Alive
1 > User-Agent: Apache-HttpClient/4.5.13 (Java/17.0.9)
1 > Accept-Encoding: gzip,deflate
{"user":{"username":"prueba10","email":"prueba10@prueba.com"}}

17:51:54.455 [Test worker] DEBUG com.intuit.karate - response time in milliseconds: 5
1 < 400
1 < Content-Type: application/json
1 < Content-Length: 96
{"errors":[{"httpStatus":400,"domain":"POST:/users","message":"The password field is require"}]}

17:51:54.465 [Test worker] DEBUG com.intuit.karate - request:
1 > POST http://localhost:8090/api/v1/users
1 > Content-Type: application/json; charset=UTF-8
1 > Content-Length: 85
1 > Host: localhost:8090
1 > Connection: Keep-Alive
1 > User-Agent: Apache-HttpClient/4.5.13 (Java/17.0.9)
1 > Accept-Encoding: gzip,deflate
{"user":{"username":"userdelete","password":"123456","email":"userdelete@gmail.com"}}

17:51:54.472 [Test worker] DEBUG com.intuit.karate - response time in milliseconds: 7
1 < 201
1 < Content-Type: application/json
1 < Content-Length: 117
{"user":{"id":"66395f0a2929ef0b74abbdf6","username":"userdelete","password":"123456","email":"userdelete@gmail.com"}}

17:51:54.475 [Test worker] DEBUG com.intuit.karate - request:
2 > DELETE http://localhost:8090/api/v1/users/66395f0a2929ef0b74abbdf6
2 > Host: localhost:8090
2 > Connection: Keep-Alive
2 > User-Agent: Apache-HttpClient/4.5.13 (Java/17.0.9)
2 > Accept-Encoding: gzip,deflate


17:51:54.480 [Test worker] DEBUG com.intuit.karate - response time in milliseconds: 5
2 < 204


17:51:54.488 [Test worker] DEBUG com.intuit.karate - request:
1 > GET http://localhost:8090/api/v1/users/660b711e8306ec2895e3b3c4
1 > Host: localhost:8090
1 > Connection: Keep-Alive
1 > User-Agent: Apache-HttpClient/4.5.13 (Java/17.0.9)
1 > Accept-Encoding: gzip,deflate


17:51:54.494 [Test worker] DEBUG com.intuit.karate - response time in milliseconds: 6
1 < 200
1 < Content-Type: application/json
1 < Content-Length: 115
{"user":{"id":"660b711e8306ec2895e3b3c4","username":"prueba1","password":"123456789","email":"prueba1@prueba.com"}}

17:51:54.502 [Test worker] DEBUG com.intuit.karate - request:
1 > GET http://localhost:8090/api/v1/users/1234567
1 > Host: localhost:8090
1 > Connection: Keep-Alive
1 > User-Agent: Apache-HttpClient/4.5.13 (Java/17.0.9)
1 > Accept-Encoding: gzip,deflate


17:51:54.509 [Test worker] DEBUG com.intuit.karate - response time in milliseconds: 7
1 < 404
1 < Content-Type: application/json
1 < Content-Length: 88
{"errors":[{"httpStatus":404,"domain":"GET:/users/1234567","message":"Not found user"}]}

17:51:54.521 [Test worker] DEBUG com.intuit.karate - request:
1 > PUT http://localhost:8090/api/v1/users
1 > Content-Type: application/json; charset=UTF-8
1 > Content-Length: 115
1 > Host: localhost:8090
1 > Connection: Keep-Alive
1 > User-Agent: Apache-HttpClient/4.5.13 (Java/17.0.9)
1 > Accept-Encoding: gzip,deflate
{"user":{"id":"660b711e8306ec2895e3b3c4","username":"prueba1","password":"123456789","email":"prueba1@prueba.com"}}

17:51:54.531 [Test worker] DEBUG com.intuit.karate - response time in milliseconds: 10
1 < 200
1 < Content-Type: application/json
1 < Content-Length: 115
{"user":{"id":"660b711e8306ec2895e3b3c4","username":"prueba1","password":"123456789","email":"prueba1@prueba.com"}}

17:51:54.540 [Test worker] DEBUG com.intuit.karate - request:
1 > PUT http://localhost:8090/api/v1/users
1 > Content-Type: application/json; charset=UTF-8
1 > Content-Length: 118
1 > Host: localhost:8090
1 > Connection: Keep-Alive
1 > User-Agent: Apache-HttpClient/4.5.13 (Java/17.0.9)
1 > Accept-Encoding: gzip,deflate
{"user":{"id":"660b711e8306ec2895e3b3c4222","username":"prueba1","password":"123456789","email":"prueba1@prueba.com"}}

17:51:54.548 [Test worker] DEBUG com.intuit.karate - response time in milliseconds: 7
1 < 404
1 < Content-Type: application/json
1 < Content-Length: 80
{"errors":[{"httpStatus":404,"domain":"PUT:/users","message":"Not found user"}]}

---------------------------------------------------------
feature: classpath:karate/user.feature
scenarios: 17 | passed: 17 | failed:  0 | time: 0,4062
---------------------------------------------------------

17:51:54.784 [Test worker] INFO  com.intuit.karate.Suite - <<pass>> feature 3 of 3 (0 remaining) classpath:karate/user.feature
17:51:54.785 [Test worker] DEBUG com.intuit.karate.Suite - waiting for 3 features to complete
Karate version: 1.3.1
======================================================
elapsed:  13,57 | threads:    1 | thread time: 10,82 
features:     3 | skipped:    0 | efficiency: 0,80
scenarios:   25 | passed:    25 | failed: 0
======================================================

HTML report: (paste into browser to view) | Karate version: 1.3.1
file:///C:/Users/Usuario/Documents/Repositorios/Talleres/acceptance-test/build/karate-reports/karate-summary.html
===================================================================

]]></system-out>
  <system-err><![CDATA[may 06, 2024 5:51:54 P. M. net.masterthought.cucumber.ReportParser parseJsonFiles
INFO: File 'C:\Users\Usuario\Documents\Repositorios\Talleres\acceptance-test\build\karate-reports\karate.health.json' contains 1 feature(s)
may 06, 2024 5:51:54 P. M. net.masterthought.cucumber.ReportParser parseJsonFiles
INFO: File 'C:\Users\Usuario\Documents\Repositorios\Talleres\acceptance-test\build\karate-reports\karate.log.json' contains 1 feature(s)
may 06, 2024 5:51:55 P. M. net.masterthought.cucumber.ReportParser parseJsonFiles
INFO: File 'C:\Users\Usuario\Documents\Repositorios\Talleres\acceptance-test\build\karate-reports\karate.user.json' contains 1 feature(s)
]]></system-err>
</testsuite>
