<!DOCTYPE html>
<html>
<head>
<meta http-equiv="Content-Type" content="text/html; charset=utf-8"/>
<meta http-equiv="x-ua-compatible" content="IE=edge"/>
<title>Test results - Class TestParallel</title>
<link href="../css/base-style.css" rel="stylesheet" type="text/css"/>
<link href="../css/style.css" rel="stylesheet" type="text/css"/>
<script src="../js/report.js" type="text/javascript"></script>
</head>
<body>
<div id="content">
<h1>Class TestParallel</h1>
<div class="breadcrumbs">
<a href="../index.html">all</a> &gt; 
<a href="../packages/default-package.html">default-package</a> &gt; TestParallel</div>
<div id="summary">
<table>
<tr>
<td>
<div class="summaryGroup">
<table>
<tr>
<td>
<div class="infoBox" id="tests">
<div class="counter">1</div>
<p>tests</p>
</div>
</td>
<td>
<div class="infoBox" id="failures">
<div class="counter">1</div>
<p>failures</p>
</div>
</td>
<td>
<div class="infoBox" id="ignored">
<div class="counter">0</div>
<p>ignored</p>
</div>
</td>
<td>
<div class="infoBox" id="duration">
<div class="counter">3.776s</div>
<p>duration</p>
</div>
</td>
</tr>
</table>
</div>
</td>
<td>
<div class="infoBox failures" id="successRate">
<div class="percent">0%</div>
<p>successful</p>
</div>
</td>
</tr>
</table>
</div>
<div id="tabs">
<ul class="tabLinks">
<li>
<a href="#tab0">Failed tests</a>
</li>
<li>
<a href="#tab1">Tests</a>
</li>
<li>
<a href="#tab2">Standard output</a>
</li>
<li>
<a href="#tab3">Standard error</a>
</li>
</ul>
<div id="tab0" class="tab">
<h2>Failed tests</h2>
<div class="test">
<a name="testAll()"></a>
<h3 class="failures">testAll()</h3>
<span class="code">
<pre>org.opentest4j.AssertionFailedError: http call failed after 82 milliseconds for url: http://localhost:8080/api/v1/users
classpath:karate/user.feature:16
http call failed after 6 milliseconds for url: http://localhost:8080/api/v1/users/login
classpath:karate/user.feature:24
http call failed after 3 milliseconds for url: http://localhost:8080/api/v1/users/login
classpath:karate/user.feature:32
http call failed after 3 milliseconds for url: http://localhost:8080/api/v1/users/login
classpath:karate/user.feature:43
http call failed after 13 milliseconds for url: http://localhost:8080/api/v1/users
classpath:karate/user.feature:53
http call failed after 2 milliseconds for url: http://localhost:8080/api/v1/users/login
classpath:karate/user.feature:63
http call failed after 3 milliseconds for url: http://localhost:8080/api/v1/users/password
classpath:karate/user.feature:81
http call failed after 3 milliseconds for url: http://localhost:8080/api/v1/users/password
classpath:karate/user.feature:93
http call failed after 3 milliseconds for url: http://localhost:8080/api/v1/users
classpath:karate/user.feature:107
http call failed after 3 milliseconds for url: http://localhost:8080/api/v1/users
classpath:karate/user.feature:119
http call failed after 2 milliseconds for url: http://localhost:8080/api/v1/users
classpath:karate/user.feature:129
http call failed after 3 milliseconds for url: http://localhost:8080/api/v1/users
classpath:karate/user.feature:140
http call failed after 3 milliseconds for url: http://localhost:8080/api/v1/users
classpath:karate/user.feature:152
http call failed after 18 milliseconds for url: http://localhost:8080/api/v1/users/660b711e8306ec2895e3b3c4
classpath:karate/user.feature:163
http call failed after 2 milliseconds for url: http://localhost:8080/api/v1/users/1234567
classpath:karate/user.feature:170
http call failed after 3 milliseconds for url: http://localhost:8080/api/v1/users
classpath:karate/user.feature:181
http call failed after 2 milliseconds for url: http://localhost:8080/api/v1/users
classpath:karate/user.feature:189 ==&gt; expected: &lt;0&gt; but was: &lt;17&gt;
	at app//org.junit.jupiter.api.AssertionUtils.fail(AssertionUtils.java:55)
	at app//org.junit.jupiter.api.AssertionUtils.failNotEqual(AssertionUtils.java:62)
	at app//org.junit.jupiter.api.AssertEquals.assertEquals(AssertEquals.java:182)
	at app//org.junit.jupiter.api.Assertions.assertEquals(Assertions.java:558)
	at app//TestParallel.testAll(TestParallel.java:33)
	at java.base@17.0.9/jdk.internal.reflect.NativeMethodAccessorImpl.invoke0(Native Method)
	at java.base@17.0.9/jdk.internal.reflect.NativeMethodAccessorImpl.invoke(NativeMethodAccessorImpl.java:77)
	at java.base@17.0.9/jdk.internal.reflect.DelegatingMethodAccessorImpl.invoke(DelegatingMethodAccessorImpl.java:43)
	at java.base@17.0.9/java.lang.reflect.Method.invoke(Method.java:568)
	at app//org.junit.platform.commons.util.ReflectionUtils.invokeMethod(ReflectionUtils.java:688)
	at app//org.junit.jupiter.engine.execution.MethodInvocation.proceed(MethodInvocation.java:60)
	at app//org.junit.jupiter.engine.execution.InvocationInterceptorChain$ValidatingInvocation.proceed(InvocationInterceptorChain.java:131)
	at app//org.junit.jupiter.engine.extension.TimeoutExtension.intercept(TimeoutExtension.java:149)
	at app//org.junit.jupiter.engine.extension.TimeoutExtension.interceptTestableMethod(TimeoutExtension.java:140)
	at app//org.junit.jupiter.engine.extension.TimeoutExtension.interceptTestMethod(TimeoutExtension.java:84)
	at app//org.junit.jupiter.engine.execution.ExecutableInvoker$ReflectiveInterceptorCall.lambda$ofVoidMethod$0(ExecutableInvoker.java:115)
	at app//org.junit.jupiter.engine.execution.ExecutableInvoker.lambda$invoke$0(ExecutableInvoker.java:105)
	at app//org.junit.jupiter.engine.execution.InvocationInterceptorChain$InterceptedInvocation.proceed(InvocationInterceptorChain.java:106)
	at app//org.junit.jupiter.engine.execution.InvocationInterceptorChain.proceed(InvocationInterceptorChain.java:64)
	at app//org.junit.jupiter.engine.execution.InvocationInterceptorChain.chainAndInvoke(InvocationInterceptorChain.java:45)
	at app//org.junit.jupiter.engine.execution.InvocationInterceptorChain.invoke(InvocationInterceptorChain.java:37)
	at app//org.junit.jupiter.engine.execution.ExecutableInvoker.invoke(ExecutableInvoker.java:104)
	at app//org.junit.jupiter.engine.execution.ExecutableInvoker.invoke(ExecutableInvoker.java:98)
	at app//org.junit.jupiter.engine.descriptor.TestMethodTestDescriptor.lambda$invokeTestMethod$6(TestMethodTestDescriptor.java:210)
	at app//org.junit.platform.engine.support.hierarchical.ThrowableCollector.execute(ThrowableCollector.java:73)
	at app//org.junit.jupiter.engine.descriptor.TestMethodTestDescriptor.invokeTestMethod(TestMethodTestDescriptor.java:206)
	at app//org.junit.jupiter.engine.descriptor.TestMethodTestDescriptor.execute(TestMethodTestDescriptor.java:131)
	at app//org.junit.jupiter.engine.descriptor.TestMethodTestDescriptor.execute(TestMethodTestDescriptor.java:65)
	at app//org.junit.platform.engine.support.hierarchical.NodeTestTask.lambda$executeRecursively$5(NodeTestTask.java:139)
	at app//org.junit.platform.engine.support.hierarchical.ThrowableCollector.execute(ThrowableCollector.java:73)
	at app//org.junit.platform.engine.support.hierarchical.NodeTestTask.lambda$executeRecursively$7(NodeTestTask.java:129)
	at app//org.junit.platform.engine.support.hierarchical.Node.around(Node.java:137)
	at app//org.junit.platform.engine.support.hierarchical.NodeTestTask.lambda$executeRecursively$8(NodeTestTask.java:127)
	at app//org.junit.platform.engine.support.hierarchical.ThrowableCollector.execute(ThrowableCollector.java:73)
	at app//org.junit.platform.engine.support.hierarchical.NodeTestTask.executeRecursively(NodeTestTask.java:126)
	at app//org.junit.platform.engine.support.hierarchical.NodeTestTask.execute(NodeTestTask.java:84)
	at java.base@17.0.9/java.util.ArrayList.forEach(ArrayList.java:1511)
	at app//org.junit.platform.engine.support.hierarchical.SameThreadHierarchicalTestExecutorService.invokeAll(SameThreadHierarchicalTestExecutorService.java:38)
	at app//org.junit.platform.engine.support.hierarchical.NodeTestTask.lambda$executeRecursively$5(NodeTestTask.java:143)
	at app//org.junit.platform.engine.support.hierarchical.ThrowableCollector.execute(ThrowableCollector.java:73)
	at app//org.junit.platform.engine.support.hierarchical.NodeTestTask.lambda$executeRecursively$7(NodeTestTask.java:129)
	at app//org.junit.platform.engine.support.hierarchical.Node.around(Node.java:137)
	at app//org.junit.platform.engine.support.hierarchical.NodeTestTask.lambda$executeRecursively$8(NodeTestTask.java:127)
	at app//org.junit.platform.engine.support.hierarchical.ThrowableCollector.execute(ThrowableCollector.java:73)
	at app//org.junit.platform.engine.support.hierarchical.NodeTestTask.executeRecursively(NodeTestTask.java:126)
	at app//org.junit.platform.engine.support.hierarchical.NodeTestTask.execute(NodeTestTask.java:84)
	at java.base@17.0.9/java.util.ArrayList.forEach(ArrayList.java:1511)
	at app//org.junit.platform.engine.support.hierarchical.SameThreadHierarchicalTestExecutorService.invokeAll(SameThreadHierarchicalTestExecutorService.java:38)
	at app//org.junit.platform.engine.support.hierarchical.NodeTestTask.lambda$executeRecursively$5(NodeTestTask.java:143)
	at app//org.junit.platform.engine.support.hierarchical.ThrowableCollector.execute(ThrowableCollector.java:73)
	at app//org.junit.platform.engine.support.hierarchical.NodeTestTask.lambda$executeRecursively$7(NodeTestTask.java:129)
	at app//org.junit.platform.engine.support.hierarchical.Node.around(Node.java:137)
	at app//org.junit.platform.engine.support.hierarchical.NodeTestTask.lambda$executeRecursively$8(NodeTestTask.java:127)
	at app//org.junit.platform.engine.support.hierarchical.ThrowableCollector.execute(ThrowableCollector.java:73)
	at app//org.junit.platform.engine.support.hierarchical.NodeTestTask.executeRecursively(NodeTestTask.java:126)
	at app//org.junit.platform.engine.support.hierarchical.NodeTestTask.execute(NodeTestTask.java:84)
	at app//org.junit.platform.engine.support.hierarchical.SameThreadHierarchicalTestExecutorService.submit(SameThreadHierarchicalTestExecutorService.java:32)
	at app//org.junit.platform.engine.support.hierarchical.HierarchicalTestExecutor.execute(HierarchicalTestExecutor.java:57)
	at app//org.junit.platform.engine.support.hierarchical.HierarchicalTestEngine.execute(HierarchicalTestEngine.java:51)
	at app//org.junit.platform.launcher.core.EngineExecutionOrchestrator.execute(EngineExecutionOrchestrator.java:107)
	at app//org.junit.platform.launcher.core.EngineExecutionOrchestrator.execute(EngineExecutionOrchestrator.java:88)
	at app//org.junit.platform.launcher.core.EngineExecutionOrchestrator.lambda$execute$0(EngineExecutionOrchestrator.java:54)
	at app//org.junit.platform.launcher.core.EngineExecutionOrchestrator.withInterceptedStreams(EngineExecutionOrchestrator.java:67)
	at app//org.junit.platform.launcher.core.EngineExecutionOrchestrator.execute(EngineExecutionOrchestrator.java:52)
	at app//org.junit.platform.launcher.core.DefaultLauncher.execute(DefaultLauncher.java:114)
	at app//org.junit.platform.launcher.core.DefaultLauncher.execute(DefaultLauncher.java:86)
	at app//org.junit.platform.launcher.core.DefaultLauncherSession$DelegatingLauncher.execute(DefaultLauncherSession.java:86)
	at org.gradle.api.internal.tasks.testing.junitplatform.JUnitPlatformTestClassProcessor$CollectAllTestClassesExecutor.processAllTestClasses(JUnitPlatformTestClassProcessor.java:119)
	at org.gradle.api.internal.tasks.testing.junitplatform.JUnitPlatformTestClassProcessor$CollectAllTestClassesExecutor.access$000(JUnitPlatformTestClassProcessor.java:94)
	at org.gradle.api.internal.tasks.testing.junitplatform.JUnitPlatformTestClassProcessor.stop(JUnitPlatformTestClassProcessor.java:89)
	at org.gradle.api.internal.tasks.testing.SuiteTestClassProcessor.stop(SuiteTestClassProcessor.java:62)
	at java.base@17.0.9/jdk.internal.reflect.NativeMethodAccessorImpl.invoke0(Native Method)
	at java.base@17.0.9/jdk.internal.reflect.NativeMethodAccessorImpl.invoke(NativeMethodAccessorImpl.java:77)
	at java.base@17.0.9/jdk.internal.reflect.DelegatingMethodAccessorImpl.invoke(DelegatingMethodAccessorImpl.java:43)
	at java.base@17.0.9/java.lang.reflect.Method.invoke(Method.java:568)
	at org.gradle.internal.dispatch.ReflectionDispatch.dispatch(ReflectionDispatch.java:36)
	at org.gradle.internal.dispatch.ReflectionDispatch.dispatch(ReflectionDispatch.java:24)
	at org.gradle.internal.dispatch.ContextClassLoaderDispatch.dispatch(ContextClassLoaderDispatch.java:33)
	at org.gradle.internal.dispatch.ProxyDispatchAdapter$DispatchingInvocationHandler.invoke(ProxyDispatchAdapter.java:94)
	at jdk.proxy1/jdk.proxy1.$Proxy2.stop(Unknown Source)
	at org.gradle.api.internal.tasks.testing.worker.TestWorker$3.run(TestWorker.java:193)
	at org.gradle.api.internal.tasks.testing.worker.TestWorker.executeAndMaintainThreadName(TestWorker.java:129)
	at org.gradle.api.internal.tasks.testing.worker.TestWorker.execute(TestWorker.java:100)
	at org.gradle.api.internal.tasks.testing.worker.TestWorker.execute(TestWorker.java:60)
	at org.gradle.process.internal.worker.child.ActionExecutionWorker.execute(ActionExecutionWorker.java:56)
	at org.gradle.process.internal.worker.child.SystemApplicationClassLoaderWorker.call(SystemApplicationClassLoaderWorker.java:113)
	at org.gradle.process.internal.worker.child.SystemApplicationClassLoaderWorker.call(SystemApplicationClassLoaderWorker.java:65)
	at app//worker.org.gradle.process.internal.worker.GradleWorkerMain.run(GradleWorkerMain.java:69)
	at app//worker.org.gradle.process.internal.worker.GradleWorkerMain.main(GradleWorkerMain.java:74)
</pre>
</span>
</div>
</div>
<div id="tab1" class="tab">
<h2>Tests</h2>
<table>
<thead>
<tr>
<th>Test</th>
<th>Duration</th>
<th>Result</th>
</tr>
</thead>
<tr>
<td class="failures">testAll()</td>
<td class="failures">3.776s</td>
<td class="failures">failed</td>
</tr>
</table>
</div>
<div id="tab2" class="tab">
<h2>Standard output</h2>
<span class="code">
<pre>22:05:16.685 [Test worker] DEBUG com.intuit.karate.Suite - [config] classpath:karate-config.js
22:05:16.690 [Test worker] INFO  com.intuit.karate.Suite - backed up existing 'build\karate-reports' dir to: build\karate-reports_1712199916689
22:05:17.647 [Test worker] DEBUG com.intuit.karate - request:
1 &gt; GET http://localhost:8080/api/v1/users
1 &gt; Host: localhost:8080
1 &gt; Connection: Keep-Alive
1 &gt; User-Agent: Apache-HttpClient/4.5.13 (Java/17.0.9)
1 &gt; Accept-Encoding: gzip,deflate


22:05:17.663 [Test worker] ERROR com.intuit.karate - org.apache.http.conn.HttpHostConnectException: Connect to localhost:8080 [localhost/127.0.0.1, localhost/0:0:0:0:0:0:0:1] failed: Connection refused: no further information, http call failed after 82 milliseconds for url: http://localhost:8080/api/v1/users
22:05:17.664 [Test worker] ERROR com.intuit.karate - classpath:karate/user.feature:16
When method Get
http call failed after 82 milliseconds for url: http://localhost:8080/api/v1/users
classpath:karate/user.feature:16
22:05:17.720 [Test worker] DEBUG com.intuit.karate - request:
1 &gt; POST http://localhost:8080/api/v1/users/login
1 &gt; Content-Type: application/json; charset=UTF-8
1 &gt; Content-Length: 55
1 &gt; Host: localhost:8080
1 &gt; Connection: Keep-Alive
1 &gt; User-Agent: Apache-HttpClient/4.5.13 (Java/17.0.9)
1 &gt; Accept-Encoding: gzip,deflate
{&quot;login&quot;:{&quot;username&quot;:&quot;prueba1&quot;,&quot;password&quot;:&quot;123456789&quot;}}

22:05:17.722 [Test worker] ERROR com.intuit.karate - org.apache.http.conn.HttpHostConnectException: Connect to localhost:8080 [localhost/127.0.0.1, localhost/0:0:0:0:0:0:0:1] failed: Connection refused: no further information, http call failed after 6 milliseconds for url: http://localhost:8080/api/v1/users/login
22:05:17.722 [Test worker] ERROR com.intuit.karate - classpath:karate/user.feature:24
When method Post
http call failed after 6 milliseconds for url: http://localhost:8080/api/v1/users/login
classpath:karate/user.feature:24
22:05:17.738 [Test worker] DEBUG com.intuit.karate - request:
1 &gt; POST http://localhost:8080/api/v1/users/login
1 &gt; Content-Type: application/json; charset=UTF-8
1 &gt; Content-Length: 58
1 &gt; Host: localhost:8080
1 &gt; Connection: Keep-Alive
1 &gt; User-Agent: Apache-HttpClient/4.5.13 (Java/17.0.9)
1 &gt; Accept-Encoding: gzip,deflate
{&quot;login&quot;:{&quot;username&quot;:&quot;prueba1222&quot;,&quot;password&quot;:&quot;123456789&quot;}}

22:05:17.740 [Test worker] ERROR com.intuit.karate - org.apache.http.conn.HttpHostConnectException: Connect to localhost:8080 [localhost/127.0.0.1, localhost/0:0:0:0:0:0:0:1] failed: Connection refused: no further information, http call failed after 3 milliseconds for url: http://localhost:8080/api/v1/users/login
22:05:17.740 [Test worker] ERROR com.intuit.karate - classpath:karate/user.feature:32
When method Post
http call failed after 3 milliseconds for url: http://localhost:8080/api/v1/users/login
classpath:karate/user.feature:32
22:05:17.752 [Test worker] DEBUG com.intuit.karate - request:
1 &gt; POST http://localhost:8080/api/v1/users/login
1 &gt; Content-Type: application/json; charset=UTF-8
1 &gt; Content-Length: 59
1 &gt; Host: localhost:8080
1 &gt; Connection: Keep-Alive
1 &gt; User-Agent: Apache-HttpClient/4.5.13 (Java/17.0.9)
1 &gt; Accept-Encoding: gzip,deflate
{&quot;login&quot;:{&quot;username&quot;:&quot;prueba1&quot;,&quot;password&quot;:&quot;1234567891111&quot;}}

22:05:17.754 [Test worker] ERROR com.intuit.karate - org.apache.http.conn.HttpHostConnectException: Connect to localhost:8080 [localhost/127.0.0.1, localhost/0:0:0:0:0:0:0:1] failed: Connection refused: no further information, http call failed after 3 milliseconds for url: http://localhost:8080/api/v1/users/login
22:05:17.754 [Test worker] ERROR com.intuit.karate - classpath:karate/user.feature:43
When method Post
http call failed after 3 milliseconds for url: http://localhost:8080/api/v1/users/login
classpath:karate/user.feature:43
22:05:17.768 [Test worker] DEBUG com.intuit.karate - request:
1 &gt; GET http://localhost:8080/api/v1/users
1 &gt; Host: localhost:8080
1 &gt; Connection: Keep-Alive
1 &gt; User-Agent: Apache-HttpClient/4.5.13 (Java/17.0.9)
1 &gt; Accept-Encoding: gzip,deflate


22:05:17.780 [Test worker] ERROR com.intuit.karate - org.apache.http.conn.HttpHostConnectException: Connect to localhost:8080 [localhost/127.0.0.1, localhost/0:0:0:0:0:0:0:1] failed: Connection refused: no further information, http call failed after 13 milliseconds for url: http://localhost:8080/api/v1/users
22:05:17.780 [Test worker] ERROR com.intuit.karate - classpath:karate/user.feature:53
When method Get
http call failed after 13 milliseconds for url: http://localhost:8080/api/v1/users
classpath:karate/user.feature:53
22:05:17.793 [Test worker] DEBUG com.intuit.karate - request:
1 &gt; POST http://localhost:8080/api/v1/users/login
1 &gt; Content-Type: application/json; charset=UTF-8
1 &gt; Content-Length: 55
1 &gt; Host: localhost:8080
1 &gt; Connection: Keep-Alive
1 &gt; User-Agent: Apache-HttpClient/4.5.13 (Java/17.0.9)
1 &gt; Accept-Encoding: gzip,deflate
{&quot;login&quot;:{&quot;username&quot;:&quot;prueba1&quot;,&quot;password&quot;:&quot;123456789&quot;}}

22:05:17.795 [Test worker] ERROR com.intuit.karate - org.apache.http.conn.HttpHostConnectException: Connect to localhost:8080 [localhost/127.0.0.1, localhost/0:0:0:0:0:0:0:1] failed: Connection refused: no further information, http call failed after 2 milliseconds for url: http://localhost:8080/api/v1/users/login
22:05:17.795 [Test worker] ERROR com.intuit.karate - classpath:karate/user.feature:63
When method Post
http call failed after 2 milliseconds for url: http://localhost:8080/api/v1/users/login
classpath:karate/user.feature:63
22:05:17.809 [Test worker] DEBUG com.intuit.karate - request:
1 &gt; PUT http://localhost:8080/api/v1/users/password
1 &gt; Authorization: Bearer
1 &gt; Content-Type: application/json; charset=UTF-8
1 &gt; Content-Length: 24
1 &gt; Host: localhost:8080
1 &gt; Connection: Keep-Alive
1 &gt; User-Agent: Apache-HttpClient/4.5.13 (Java/17.0.9)
1 &gt; Accept-Encoding: gzip,deflate
{&quot;password&quot;:&quot;123456789&quot;}

22:05:17.811 [Test worker] ERROR com.intuit.karate - org.apache.http.conn.HttpHostConnectException: Connect to localhost:8080 [localhost/127.0.0.1, localhost/0:0:0:0:0:0:0:1] failed: Connection refused: no further information, http call failed after 3 milliseconds for url: http://localhost:8080/api/v1/users/password
22:05:17.811 [Test worker] ERROR com.intuit.karate - classpath:karate/user.feature:81
When method Put
http call failed after 3 milliseconds for url: http://localhost:8080/api/v1/users/password
classpath:karate/user.feature:81
22:05:17.823 [Test worker] DEBUG com.intuit.karate - request:
1 &gt; PUT http://localhost:8080/api/v1/users/password
1 &gt; Authorization: eyJhbGciOiJIUzI1NiJ9.eyJzdWIiOiJwcnVlYmExIiwiaXNzIjoiaW5nZXNpcy51bmlxdWluZGlvLmVkdS5jbyIsImlhdCI6MTcxMjAzNjUyMSwiZXhwIjoxNzEyMDM2NTIyfQ.2Y-z7uC_P6Elpvv7hqzv76-xX-mSx3xMf_hlt2Csq68
1 &gt; Content-Type: application/json; charset=UTF-8
1 &gt; Content-Length: 24
1 &gt; Host: localhost:8080
1 &gt; Connection: Keep-Alive
1 &gt; User-Agent: Apache-HttpClient/4.5.13 (Java/17.0.9)
1 &gt; Accept-Encoding: gzip,deflate
{&quot;password&quot;:&quot;123456789&quot;}

22:05:17.825 [Test worker] ERROR com.intuit.karate - org.apache.http.conn.HttpHostConnectException: Connect to localhost:8080 [localhost/127.0.0.1, localhost/0:0:0:0:0:0:0:1] failed: Connection refused: no further information, http call failed after 3 milliseconds for url: http://localhost:8080/api/v1/users/password
22:05:17.825 [Test worker] ERROR com.intuit.karate - classpath:karate/user.feature:93
When method Put
http call failed after 3 milliseconds for url: http://localhost:8080/api/v1/users/password
classpath:karate/user.feature:93
22:05:17.951 [Test worker] INFO  com.intuit.karate - [print] Nombre generado: Ms. Steven Upton 
22:05:17.955 [Test worker] DEBUG com.intuit.karate - request:
1 &gt; POST http://localhost:8080/api/v1/users
1 &gt; Content-Type: application/json; charset=UTF-8
1 &gt; Content-Length: 88
1 &gt; Host: localhost:8080
1 &gt; Connection: Keep-Alive
1 &gt; User-Agent: Apache-HttpClient/4.5.13 (Java/17.0.9)
1 &gt; Accept-Encoding: gzip,deflate
{&quot;user&quot;:{&quot;username&quot;:&quot;#(username)&quot;,&quot;password&quot;:&quot;123456789&quot;,&quot;email&quot;:&quot;prueba10@prueba.com&quot;}}

22:05:17.957 [Test worker] ERROR com.intuit.karate - org.apache.http.conn.HttpHostConnectException: Connect to localhost:8080 [localhost/127.0.0.1, localhost/0:0:0:0:0:0:0:1] failed: Connection refused: no further information, http call failed after 3 milliseconds for url: http://localhost:8080/api/v1/users
22:05:17.957 [Test worker] ERROR com.intuit.karate - classpath:karate/user.feature:107
When method Post
http call failed after 3 milliseconds for url: http://localhost:8080/api/v1/users
classpath:karate/user.feature:107
22:05:17.977 [Test worker] DEBUG com.intuit.karate - request:
1 &gt; POST http://localhost:8080/api/v1/users
1 &gt; Content-Type: application/json; charset=UTF-8
1 &gt; Content-Length: 63
1 &gt; Host: localhost:8080
1 &gt; Connection: Keep-Alive
1 &gt; User-Agent: Apache-HttpClient/4.5.13 (Java/17.0.9)
1 &gt; Accept-Encoding: gzip,deflate
{&quot;user&quot;:{&quot;password&quot;:&quot;123456789&quot;,&quot;email&quot;:&quot;prueba10@prueba.com&quot;}}

22:05:17.979 [Test worker] ERROR com.intuit.karate - org.apache.http.conn.HttpHostConnectException: Connect to localhost:8080 [localhost/127.0.0.1, localhost/0:0:0:0:0:0:0:1] failed: Connection refused: no further information, http call failed after 3 milliseconds for url: http://localhost:8080/api/v1/users
22:05:17.979 [Test worker] ERROR com.intuit.karate - classpath:karate/user.feature:119
When method Post
http call failed after 3 milliseconds for url: http://localhost:8080/api/v1/users
classpath:karate/user.feature:119
22:05:17.991 [Test worker] DEBUG com.intuit.karate - request:
1 &gt; POST http://localhost:8080/api/v1/users
1 &gt; Content-Type: application/json; charset=UTF-8
1 &gt; Content-Length: 55
1 &gt; Host: localhost:8080
1 &gt; Connection: Keep-Alive
1 &gt; User-Agent: Apache-HttpClient/4.5.13 (Java/17.0.9)
1 &gt; Accept-Encoding: gzip,deflate
{&quot;user&quot;:{&quot;username&quot;:&quot;prueba10&quot;,&quot;password&quot;:&quot;123456789&quot;}}

22:05:17.993 [Test worker] ERROR com.intuit.karate - org.apache.http.conn.HttpHostConnectException: Connect to localhost:8080 [localhost/127.0.0.1, localhost/0:0:0:0:0:0:0:1] failed: Connection refused: no further information, http call failed after 2 milliseconds for url: http://localhost:8080/api/v1/users
22:05:17.993 [Test worker] ERROR com.intuit.karate - classpath:karate/user.feature:129
When method Post
http call failed after 2 milliseconds for url: http://localhost:8080/api/v1/users
classpath:karate/user.feature:129
22:05:18.002 [Test worker] DEBUG com.intuit.karate - request:
1 &gt; POST http://localhost:8080/api/v1/users
1 &gt; Content-Type: application/json; charset=UTF-8
1 &gt; Content-Length: 62
1 &gt; Host: localhost:8080
1 &gt; Connection: Keep-Alive
1 &gt; User-Agent: Apache-HttpClient/4.5.13 (Java/17.0.9)
1 &gt; Accept-Encoding: gzip,deflate
{&quot;user&quot;:{&quot;username&quot;:&quot;prueba10&quot;,&quot;email&quot;:&quot;prueba10@prueba.com&quot;}}

22:05:18.004 [Test worker] ERROR com.intuit.karate - org.apache.http.conn.HttpHostConnectException: Connect to localhost:8080 [localhost/127.0.0.1, localhost/0:0:0:0:0:0:0:1] failed: Connection refused: no further information, http call failed after 3 milliseconds for url: http://localhost:8080/api/v1/users
22:05:18.004 [Test worker] ERROR com.intuit.karate - classpath:karate/user.feature:140
When method Post
http call failed after 3 milliseconds for url: http://localhost:8080/api/v1/users
classpath:karate/user.feature:140
22:05:18.015 [Test worker] DEBUG com.intuit.karate - request:
1 &gt; POST http://localhost:8080/api/v1/users
1 &gt; Content-Type: application/json; charset=UTF-8
1 &gt; Content-Length: 88
1 &gt; Host: localhost:8080
1 &gt; Connection: Keep-Alive
1 &gt; User-Agent: Apache-HttpClient/4.5.13 (Java/17.0.9)
1 &gt; Accept-Encoding: gzip,deflate
{&quot;user&quot;:{&quot;username&quot;:&quot;#(username)&quot;,&quot;password&quot;:&quot;123456789&quot;,&quot;email&quot;:&quot;prueba10@prueba.com&quot;}}

22:05:18.017 [Test worker] ERROR com.intuit.karate - org.apache.http.conn.HttpHostConnectException: Connect to localhost:8080 [localhost/127.0.0.1, localhost/0:0:0:0:0:0:0:1] failed: Connection refused: no further information, http call failed after 3 milliseconds for url: http://localhost:8080/api/v1/users
22:05:18.017 [Test worker] ERROR com.intuit.karate - classpath:karate/user.feature:152
When method Post
http call failed after 3 milliseconds for url: http://localhost:8080/api/v1/users
classpath:karate/user.feature:152
22:05:18.032 [Test worker] DEBUG com.intuit.karate - request:
1 &gt; GET http://localhost:8080/api/v1/users/660b711e8306ec2895e3b3c4
1 &gt; Host: localhost:8080
1 &gt; Connection: Keep-Alive
1 &gt; User-Agent: Apache-HttpClient/4.5.13 (Java/17.0.9)
1 &gt; Accept-Encoding: gzip,deflate


22:05:18.049 [Test worker] ERROR com.intuit.karate - org.apache.http.conn.HttpHostConnectException: Connect to localhost:8080 [localhost/127.0.0.1, localhost/0:0:0:0:0:0:0:1] failed: Connection refused: no further information, http call failed after 18 milliseconds for url: http://localhost:8080/api/v1/users/660b711e8306ec2895e3b3c4
22:05:18.050 [Test worker] ERROR com.intuit.karate - classpath:karate/user.feature:163
When method Get
http call failed after 18 milliseconds for url: http://localhost:8080/api/v1/users/660b711e8306ec2895e3b3c4
classpath:karate/user.feature:163
22:05:18.062 [Test worker] DEBUG com.intuit.karate - request:
1 &gt; GET http://localhost:8080/api/v1/users/1234567
1 &gt; Host: localhost:8080
1 &gt; Connection: Keep-Alive
1 &gt; User-Agent: Apache-HttpClient/4.5.13 (Java/17.0.9)
1 &gt; Accept-Encoding: gzip,deflate


22:05:18.064 [Test worker] ERROR com.intuit.karate - org.apache.http.conn.HttpHostConnectException: Connect to localhost:8080 [localhost/127.0.0.1, localhost/0:0:0:0:0:0:0:1] failed: Connection refused: no further information, http call failed after 2 milliseconds for url: http://localhost:8080/api/v1/users/1234567
22:05:18.064 [Test worker] ERROR com.intuit.karate - classpath:karate/user.feature:170
When method Get
http call failed after 2 milliseconds for url: http://localhost:8080/api/v1/users/1234567
classpath:karate/user.feature:170
22:05:18.075 [Test worker] DEBUG com.intuit.karate - request:
1 &gt; PUT http://localhost:8080/api/v1/users
1 &gt; Content-Type: application/json; charset=UTF-8
1 &gt; Content-Length: 115
1 &gt; Host: localhost:8080
1 &gt; Connection: Keep-Alive
1 &gt; User-Agent: Apache-HttpClient/4.5.13 (Java/17.0.9)
1 &gt; Accept-Encoding: gzip,deflate
{&quot;user&quot;:{&quot;id&quot;:&quot;660b711e8306ec2895e3b3c4&quot;,&quot;username&quot;:&quot;prueba1&quot;,&quot;password&quot;:&quot;123456789&quot;,&quot;email&quot;:&quot;prueba1@prueba.com&quot;}}

22:05:18.077 [Test worker] ERROR com.intuit.karate - org.apache.http.conn.HttpHostConnectException: Connect to localhost:8080 [localhost/127.0.0.1, localhost/0:0:0:0:0:0:0:1] failed: Connection refused: no further information, http call failed after 3 milliseconds for url: http://localhost:8080/api/v1/users
22:05:18.077 [Test worker] ERROR com.intuit.karate - classpath:karate/user.feature:181
When method Put
http call failed after 3 milliseconds for url: http://localhost:8080/api/v1/users
classpath:karate/user.feature:181
22:05:18.086 [Test worker] DEBUG com.intuit.karate - request:
1 &gt; PUT http://localhost:8080/api/v1/users
1 &gt; Content-Type: application/json; charset=UTF-8
1 &gt; Content-Length: 118
1 &gt; Host: localhost:8080
1 &gt; Connection: Keep-Alive
1 &gt; User-Agent: Apache-HttpClient/4.5.13 (Java/17.0.9)
1 &gt; Accept-Encoding: gzip,deflate
{&quot;user&quot;:{&quot;id&quot;:&quot;660b711e8306ec2895e3b3c4222&quot;,&quot;username&quot;:&quot;prueba1&quot;,&quot;password&quot;:&quot;123456789&quot;,&quot;email&quot;:&quot;prueba1@prueba.com&quot;}}

22:05:18.088 [Test worker] ERROR com.intuit.karate - org.apache.http.conn.HttpHostConnectException: Connect to localhost:8080 [localhost/127.0.0.1, localhost/0:0:0:0:0:0:0:1] failed: Connection refused: no further information, http call failed after 2 milliseconds for url: http://localhost:8080/api/v1/users
22:05:18.088 [Test worker] ERROR com.intuit.karate - classpath:karate/user.feature:189
When method Put
http call failed after 2 milliseconds for url: http://localhost:8080/api/v1/users
classpath:karate/user.feature:189
---------------------------------------------------------
feature: classpath:karate/user.feature
scenarios: 17 | passed:  0 | failed: 17 | time: 0,4573
---------------------------------------------------------

22:05:18.881 [Test worker] INFO  com.intuit.karate.Suite - &lt;&lt;fail&gt;&gt; feature 1 of 1 (0 remaining) classpath:karate/user.feature
Karate version: 1.3.1
======================================================
elapsed:   2,90 | threads:    1 | thread time: 0,46 
features:     1 | skipped:    0 | efficiency: 0,16
scenarios:   17 | passed:     0 | failed: 17
======================================================
&gt;&gt;&gt; failed features:
http call failed after 82 milliseconds for url: http://localhost:8080/api/v1/users
classpath:karate/user.feature:16
http call failed after 6 milliseconds for url: http://localhost:8080/api/v1/users/login
classpath:karate/user.feature:24
http call failed after 3 milliseconds for url: http://localhost:8080/api/v1/users/login
classpath:karate/user.feature:32
http call failed after 3 milliseconds for url: http://localhost:8080/api/v1/users/login
classpath:karate/user.feature:43
http call failed after 13 milliseconds for url: http://localhost:8080/api/v1/users
classpath:karate/user.feature:53
http call failed after 2 milliseconds for url: http://localhost:8080/api/v1/users/login
classpath:karate/user.feature:63
http call failed after 3 milliseconds for url: http://localhost:8080/api/v1/users/password
classpath:karate/user.feature:81
http call failed after 3 milliseconds for url: http://localhost:8080/api/v1/users/password
classpath:karate/user.feature:93
http call failed after 3 milliseconds for url: http://localhost:8080/api/v1/users
classpath:karate/user.feature:107
http call failed after 3 milliseconds for url: http://localhost:8080/api/v1/users
classpath:karate/user.feature:119
http call failed after 2 milliseconds for url: http://localhost:8080/api/v1/users
classpath:karate/user.feature:129
http call failed after 3 milliseconds for url: http://localhost:8080/api/v1/users
classpath:karate/user.feature:140
http call failed after 3 milliseconds for url: http://localhost:8080/api/v1/users
classpath:karate/user.feature:152
http call failed after 18 milliseconds for url: http://localhost:8080/api/v1/users/660b711e8306ec2895e3b3c4
classpath:karate/user.feature:163
http call failed after 2 milliseconds for url: http://localhost:8080/api/v1/users/1234567
classpath:karate/user.feature:170
http call failed after 3 milliseconds for url: http://localhost:8080/api/v1/users
classpath:karate/user.feature:181
http call failed after 2 milliseconds for url: http://localhost:8080/api/v1/users
classpath:karate/user.feature:189
&lt;&lt;&lt;

HTML report: (paste into browser to view) | Karate version: 1.3.1
file:///C:/Users/Usuario/Documents/Repositorios/Talleres/acceptance-test/build/karate-reports/karate-summary.html
===================================================================

</pre>
</span>
</div>
<div id="tab3" class="tab">
<h2>Standard error</h2>
<span class="code">
<pre>abr 03, 2024 10:05:19 P.Â M. net.masterthought.cucumber.ReportParser parseJsonFiles
INFO: File 'C:\Users\Usuario\Documents\Repositorios\Talleres\acceptance-test\build\karate-reports\karate.user.json' contains 1 feature(s)
</pre>
</span>
</div>
</div>
<div id="footer">
<p>
<div>
<label class="hidden" id="label-for-line-wrapping-toggle" for="line-wrapping-toggle">Wrap lines
<input id="line-wrapping-toggle" type="checkbox" autocomplete="off"/>
</label>
</div>Generated by 
<a href="http://www.gradle.org">Gradle 8.7</a> at 3 abr 2024 22:05:19</p>
</div>
</div>
</body>
</html>
